2017-03-21 22:07:46 [127.0.0.1][-][-][error][yii\i18n\PhpMessageSource::loadMessages] The message file for category 'yii' does not exist: D:\WWW\school\vendor\yiisoft\yii2/messages/zh_CN/yii.php Fallback file does not exist as well: D:\WWW\school\vendor\yiisoft\yii2/messages/zh/yii.php
2017-03-21 22:07:46 [127.0.0.1][-][-][error][yii\web\HttpException:404] exception 'yii\base\InvalidRouteException' with message 'Unable to resolve the request "favicon.ico".' in D:\WWW\school\vendor\yiisoft\yii2\base\Module.php:461
Stack trace:
#0 D:\WWW\school\vendor\yiisoft\yii2\web\Application.php(84): yii\base\Module->runAction('favicon.ico', Array)
#1 D:\WWW\school\vendor\yiisoft\yii2\base\Application.php(375): yii\web\Application->handleRequest(Object(yii\web\Request))
#2 D:\WWW\school\index.php(11): yii\base\Application->run()
#3 {main}

Next exception 'yii\web\NotFoundHttpException' with message 'Page not found.' in D:\WWW\school\vendor\yiisoft\yii2\web\Application.php:96
Stack trace:
#0 D:\WWW\school\vendor\yiisoft\yii2\base\Application.php(375): yii\web\Application->handleRequest(Object(yii\web\Request))
#1 D:\WWW\school\index.php(11): yii\base\Application->run()
#2 {main}
2017-03-21 22:07:46 [127.0.0.1][-][-][error][yii\i18n\PhpMessageSource::loadMessages] The message file for category 'easyii/subscribe/api' does not exist: D:\WWW\school\vendor\noumo\easyii\modules\subscribe\messages/zh_CN/api.php Fallback file does not exist as well: D:\WWW\school\vendor\noumo\easyii\modules\subscribe\messages/zh/api.php
    in D:\WWW\school\vendor\noumo\easyii\modules\subscribe\api\Subscribe.php:43
    in D:\WWW\school\vendor\noumo\easyii\components\API.php:31
    in D:\WWW\school\app\views\layouts\main.php:73
2017-03-21 22:07:45 [127.0.0.1][-][-][info][application] $_COOKIE = [
    'PHPSESSID' => 'qph7r87dh9dqniumsm16vs9vo0'
    'Hm_lvt_4449a883d67a851a47b40dd00c604602' => '1489581253,1489627812,1490085990,1490105158'
    'Hm_lpvt_4449a883d67a851a47b40dd00c604602' => '1490105158'
    'looyu_id' => '81bfb02eae0bbce9b5be1b289a69d8e29e_20000714:12'
    'looyu_20000714' => 'v:16fb660cdbfe63b06808f94392b059d4b8,ref:,r:,mon:http://m8103.looyu.com/monitor,p0:http%3A//school.com.cn/'
]

$_SESSION = [
    'XSM_CLIENT_SESSION' => []
    'verify_code' => 'ycpp'
    '__flash' => []
]

$_SERVER = [
    'PATH' => 'E:\\jdk_1.7\\bin;E:\\jdk_1.7\\jre\\bin;C:\\Program Files\\Git\\bin;C:\\Program Files\\Git\\mingw64\\libexec\\git-core;C:\\Program Files (x86)\\Intel\\iCLS Client\\;C:\\Program Files\\Intel\\iCLS Client\\;C:\\Program Files (x86)\\NVIDIA Corporation\\PhysX\\Common;C:\\windows\\system32;C:\\windows;C:\\windows\\System32\\Wbem;C:\\windows\\System32\\WindowsPowerShell\\v1.0\\;C:\\Program Files\\Intel\\Intel(R) Management Engine Components\\DAL;C:\\Program Files (x86)\\Intel\\Intel(R) Management Engine Components\\DAL;C:\\Program Files\\Intel\\Intel(R) Management Engine Components\\IPT;C:\\Program Files (x86)\\Intel\\Intel(R) Management Engine Components\\IPT;C:\\Program Files\\Intel\\WiFi\\bin\\;C:\\Program Files\\Common Files\\Intel\\WirelessCommon\\;C:\\Program Files\\TortoiseSVN\\bin;D:\\phpStudy\\php56n\\php.exe;D:\\Program Files\\TortoiseGit\\bin;D:\\nodejs\\;C:\\Users\\wbb\\AppData\\Roaming\\npm\\;D:\\nodejs\\node_modules\\.bin;D:\\Program Files (x86)\\Subversion\\bin;E:\\maven\\apache-maven\\bin;E:\\jdk_1.7\\bin;E:\\jdk_1.7\\jre\\bin;C:\\Program Files\\Git\\bin;C:\\Program Files\\Git\\mingw64\\libexec\\git-core;C:\\Program Files (x86)\\Intel\\iCLS Client\\;C:\\Program Files\\Intel\\iCLS Client\\;C:\\Program Files (x86)\\NVIDIA Corporation\\PhysX\\Common;C:\\windows\\system32;C:\\windows;C:\\windows\\System32\\Wbem;C:\\windows\\System32\\WindowsPowerShell\\v1.0\\;C:\\Program Files\\Intel\\Intel(R) Management Engine Components\\DAL;C:\\Program Files (x86)\\Intel\\Intel(R) Management Engine Components\\DAL;C:\\Program Files\\Intel\\Intel(R) Management Engine Components\\IPT;C:\\Program Files (x86)\\Intel\\Intel(R) Management Engine Components\\IPT;C:\\Program Files\\Intel\\WiFi\\bin\\;C:\\Program Files\\Common Files\\Intel\\WirelessCommon\\;C:\\Program Files\\TortoiseSVN\\bin;D:\\phpStudy\\php56n\\php.exe;D:\\Program Files\\TortoiseGit\\bin;D:\\nodejs\\;C:\\Users\\wbb\\AppData\\Roaming\\npm\\;D:\\nodejs\\node_modules\\.bin;D:\\Program Files (x86)\\Subversion\\bin;E:\\maven\\apache-maven\\bin;D:\\phpStudy\\php56n;D:\\phpStudy\\php56n\\ext;C:\\Program Files\\OpenVPN\\bin;C:\\ProgramData\\ComposerSetup\\bin;D:\\WWW\\lumen\\vendor\\bin;C:\\Program Files\\Git\\bin;C:\\Program Files\\Git\\mingw64\\libexec\\git-core;C:\\Users\\wbb\\AppData\\Roaming\\npm;D:\\nodejs\\node_modules\\.bin;C:\\Users\\wbb\\AppData\\Roaming\\Composer\\vendor\\bin'
    'SYSTEMROOT' => 'C:\\windows'
    'COMSPEC' => 'C:\\windows\\system32\\cmd.exe'
    'PATHEXT' => '.COM;.EXE;.BAT;.CMD;.VBS;.VBE;.JS;.JSE;.WSF;.WSH;.MSC'
    'WINDIR' => 'C:\\windows'
    'PHP_FCGI_MAX_REQUESTS' => '1000'
    'PHPRC' => 'D:/phpStudy/php54n'
    '_FCGI_SHUTDOWN_EVENT_' => '664'
    'SCRIPT_NAME' => '/index.php'
    'REQUEST_URI' => '/favicon.ico'
    'QUERY_STRING' => ''
    'REQUEST_METHOD' => 'GET'
    'SERVER_PROTOCOL' => 'HTTP/1.1'
    'GATEWAY_INTERFACE' => 'CGI/1.1'
    'REDIRECT_URL' => '/favicon.ico'
    'REMOTE_PORT' => '53007'
    'SCRIPT_FILENAME' => 'D:/WWW/school/index.php'
    'SERVER_ADMIN' => 'admin@phpStudy.net'
    'CONTEXT_DOCUMENT_ROOT' => 'D:/WWW/school'
    'CONTEXT_PREFIX' => ''
    'REQUEST_SCHEME' => 'http'
    'DOCUMENT_ROOT' => 'D:/WWW/school'
    'REMOTE_ADDR' => '127.0.0.1'
    'SERVER_PORT' => '80'
    'SERVER_ADDR' => '127.0.0.1'
    'SERVER_NAME' => 'school.com.cn'
    'SERVER_SOFTWARE' => 'Apache/2.4.10 (Win32) OpenSSL/0.9.8zb mod_fcgid/2.3.9'
    'SERVER_SIGNATURE' => ''
    'SystemRoot' => 'C:\\windows'
    'HTTP_COOKIE' => 'PHPSESSID=qph7r87dh9dqniumsm16vs9vo0; Hm_lvt_4449a883d67a851a47b40dd00c604602=1489581253,1489627812,1490085990,1490105158; Hm_lpvt_4449a883d67a851a47b40dd00c604602=1490105158; looyu_id=81bfb02eae0bbce9b5be1b289a69d8e29e_20000714%3A12; looyu_20000714=v%3A16fb660cdbfe63b06808f94392b059d4b8%2Cref%3A%2Cr%3A%2Cmon%3Ahttp%3A//m8103.looyu.com/monitor%2Cp0%3Ahttp%253A//school.com.cn/'
    'HTTP_ACCEPT_LANGUAGE' => 'zh-CN,zh;q=0.8'
    'HTTP_ACCEPT_ENCODING' => 'gzip, deflate, sdch'
    'HTTP_REFERER' => 'http://school.com.cn/admin.php?m=mgr/admin.login'
    'HTTP_ACCEPT' => '*/*'
    'HTTP_USER_AGENT' => 'Mozilla/5.0 (Windows NT 6.3; WOW64) AppleWebKit/537.36 (KHTML, like Gecko) Chrome/46.0.2490.86 Safari/537.36'
    'HTTP_CACHE_CONTROL' => 'no-cache'
    'HTTP_PRAGMA' => 'no-cache'
    'HTTP_CONNECTION' => 'close'
    'HTTP_HOST' => 'school.com.cn'
    'REDIRECT_STATUS' => '200'
    'FCGI_ROLE' => 'RESPONDER'
    'PHP_SELF' => '/index.php'
    'REQUEST_TIME_FLOAT' => 1490105264.9392
    'REQUEST_TIME' => 1490105264
]
2017-03-21 22:07:47 [127.0.0.1][-][qph7r87dh9dqniumsm16vs9vo0][warning][yii\log\Dispatcher::dispatch] Unable to send log via yii\log\DbTarget: Exception (Database Exception) 'yii\db\Exception' with message 'SQLSTATE[42S02]: Base table or view not found: 1146 Table 'esaycms.log' doesn't exist
The SQL being executed was: INSERT INTO `log` (`level`, `category`, `log_time`, `prefix`, `message`)
                VALUES (1, 'yii\\i18n\\PhpMessageSource::loadMessages', 1490105266.5882, '[127.0.0.1][-][-]', 'The message file for category \'yii\' does not exist: D:\\WWW\\school\\vendor\\yiisoft\\yii2/messages/zh_CN/yii.php Fallback file does not exist as well: D:\\WWW\\school\\vendor\\yiisoft\\yii2/messages/zh/yii.php')' 

in D:\WWW\school\vendor\yiisoft\yii2\db\Schema.php:613

Stack trace:
#0 D:\WWW\school\vendor\yiisoft\yii2\db\Command.php(789): yii\db\Schema->convertException(Object(PDOException), 'INSERT INTO `lo...')
#1 D:\WWW\school\vendor\yiisoft\yii2\log\DbTarget.php(78): yii\db\Command->execute()
#2 D:\WWW\school\vendor\yiisoft\yii2\log\Target.php(112): yii\log\DbTarget->export()
#3 D:\WWW\school\vendor\yiisoft\yii2\log\Dispatcher.php(183): yii\log\Target->collect(Array, true)
#4 D:\WWW\school\vendor\yiisoft\yii2\log\Logger.php(173): yii\log\Dispatcher->dispatch(Array, true)
#5 [internal function]: yii\log\Logger->flush(true)
#6 {main}
2017-03-21 22:07:45 [127.0.0.1][-][qph7r87dh9dqniumsm16vs9vo0][info][application] $_COOKIE = [
    'PHPSESSID' => 'qph7r87dh9dqniumsm16vs9vo0'
    'Hm_lvt_4449a883d67a851a47b40dd00c604602' => '1489581253,1489627812,1490085990,1490105158'
    'Hm_lpvt_4449a883d67a851a47b40dd00c604602' => '1490105158'
    'looyu_id' => '81bfb02eae0bbce9b5be1b289a69d8e29e_20000714:12'
    'looyu_20000714' => 'v:16fb660cdbfe63b06808f94392b059d4b8,ref:,r:,mon:http://m8103.looyu.com/monitor,p0:http%3A//school.com.cn/'
]

$_SESSION = [
    'XSM_CLIENT_SESSION' => []
    'verify_code' => 'ycpp'
    '__flash' => []
]

$_SERVER = [
    'PATH' => 'E:\\jdk_1.7\\bin;E:\\jdk_1.7\\jre\\bin;C:\\Program Files\\Git\\bin;C:\\Program Files\\Git\\mingw64\\libexec\\git-core;C:\\Program Files (x86)\\Intel\\iCLS Client\\;C:\\Program Files\\Intel\\iCLS Client\\;C:\\Program Files (x86)\\NVIDIA Corporation\\PhysX\\Common;C:\\windows\\system32;C:\\windows;C:\\windows\\System32\\Wbem;C:\\windows\\System32\\WindowsPowerShell\\v1.0\\;C:\\Program Files\\Intel\\Intel(R) Management Engine Components\\DAL;C:\\Program Files (x86)\\Intel\\Intel(R) Management Engine Components\\DAL;C:\\Program Files\\Intel\\Intel(R) Management Engine Components\\IPT;C:\\Program Files (x86)\\Intel\\Intel(R) Management Engine Components\\IPT;C:\\Program Files\\Intel\\WiFi\\bin\\;C:\\Program Files\\Common Files\\Intel\\WirelessCommon\\;C:\\Program Files\\TortoiseSVN\\bin;D:\\phpStudy\\php56n\\php.exe;D:\\Program Files\\TortoiseGit\\bin;D:\\nodejs\\;C:\\Users\\wbb\\AppData\\Roaming\\npm\\;D:\\nodejs\\node_modules\\.bin;D:\\Program Files (x86)\\Subversion\\bin;E:\\maven\\apache-maven\\bin;E:\\jdk_1.7\\bin;E:\\jdk_1.7\\jre\\bin;C:\\Program Files\\Git\\bin;C:\\Program Files\\Git\\mingw64\\libexec\\git-core;C:\\Program Files (x86)\\Intel\\iCLS Client\\;C:\\Program Files\\Intel\\iCLS Client\\;C:\\Program Files (x86)\\NVIDIA Corporation\\PhysX\\Common;C:\\windows\\system32;C:\\windows;C:\\windows\\System32\\Wbem;C:\\windows\\System32\\WindowsPowerShell\\v1.0\\;C:\\Program Files\\Intel\\Intel(R) Management Engine Components\\DAL;C:\\Program Files (x86)\\Intel\\Intel(R) Management Engine Components\\DAL;C:\\Program Files\\Intel\\Intel(R) Management Engine Components\\IPT;C:\\Program Files (x86)\\Intel\\Intel(R) Management Engine Components\\IPT;C:\\Program Files\\Intel\\WiFi\\bin\\;C:\\Program Files\\Common Files\\Intel\\WirelessCommon\\;C:\\Program Files\\TortoiseSVN\\bin;D:\\phpStudy\\php56n\\php.exe;D:\\Program Files\\TortoiseGit\\bin;D:\\nodejs\\;C:\\Users\\wbb\\AppData\\Roaming\\npm\\;D:\\nodejs\\node_modules\\.bin;D:\\Program Files (x86)\\Subversion\\bin;E:\\maven\\apache-maven\\bin;D:\\phpStudy\\php56n;D:\\phpStudy\\php56n\\ext;C:\\Program Files\\OpenVPN\\bin;C:\\ProgramData\\ComposerSetup\\bin;D:\\WWW\\lumen\\vendor\\bin;C:\\Program Files\\Git\\bin;C:\\Program Files\\Git\\mingw64\\libexec\\git-core;C:\\Users\\wbb\\AppData\\Roaming\\npm;D:\\nodejs\\node_modules\\.bin;C:\\Users\\wbb\\AppData\\Roaming\\Composer\\vendor\\bin'
    'SYSTEMROOT' => 'C:\\windows'
    'COMSPEC' => 'C:\\windows\\system32\\cmd.exe'
    'PATHEXT' => '.COM;.EXE;.BAT;.CMD;.VBS;.VBE;.JS;.JSE;.WSF;.WSH;.MSC'
    'WINDIR' => 'C:\\windows'
    'PHP_FCGI_MAX_REQUESTS' => '1000'
    'PHPRC' => 'D:/phpStudy/php54n'
    '_FCGI_SHUTDOWN_EVENT_' => '664'
    'SCRIPT_NAME' => '/index.php'
    'REQUEST_URI' => '/favicon.ico'
    'QUERY_STRING' => ''
    'REQUEST_METHOD' => 'GET'
    'SERVER_PROTOCOL' => 'HTTP/1.1'
    'GATEWAY_INTERFACE' => 'CGI/1.1'
    'REDIRECT_URL' => '/favicon.ico'
    'REMOTE_PORT' => '53007'
    'SCRIPT_FILENAME' => 'D:/WWW/school/index.php'
    'SERVER_ADMIN' => 'admin@phpStudy.net'
    'CONTEXT_DOCUMENT_ROOT' => 'D:/WWW/school'
    'CONTEXT_PREFIX' => ''
    'REQUEST_SCHEME' => 'http'
    'DOCUMENT_ROOT' => 'D:/WWW/school'
    'REMOTE_ADDR' => '127.0.0.1'
    'SERVER_PORT' => '80'
    'SERVER_ADDR' => '127.0.0.1'
    'SERVER_NAME' => 'school.com.cn'
    'SERVER_SOFTWARE' => 'Apache/2.4.10 (Win32) OpenSSL/0.9.8zb mod_fcgid/2.3.9'
    'SERVER_SIGNATURE' => ''
    'SystemRoot' => 'C:\\windows'
    'HTTP_COOKIE' => 'PHPSESSID=qph7r87dh9dqniumsm16vs9vo0; Hm_lvt_4449a883d67a851a47b40dd00c604602=1489581253,1489627812,1490085990,1490105158; Hm_lpvt_4449a883d67a851a47b40dd00c604602=1490105158; looyu_id=81bfb02eae0bbce9b5be1b289a69d8e29e_20000714%3A12; looyu_20000714=v%3A16fb660cdbfe63b06808f94392b059d4b8%2Cref%3A%2Cr%3A%2Cmon%3Ahttp%3A//m8103.looyu.com/monitor%2Cp0%3Ahttp%253A//school.com.cn/'
    'HTTP_ACCEPT_LANGUAGE' => 'zh-CN,zh;q=0.8'
    'HTTP_ACCEPT_ENCODING' => 'gzip, deflate, sdch'
    'HTTP_REFERER' => 'http://school.com.cn/admin.php?m=mgr/admin.login'
    'HTTP_ACCEPT' => '*/*'
    'HTTP_USER_AGENT' => 'Mozilla/5.0 (Windows NT 6.3; WOW64) AppleWebKit/537.36 (KHTML, like Gecko) Chrome/46.0.2490.86 Safari/537.36'
    'HTTP_CACHE_CONTROL' => 'no-cache'
    'HTTP_PRAGMA' => 'no-cache'
    'HTTP_CONNECTION' => 'close'
    'HTTP_HOST' => 'school.com.cn'
    'REDIRECT_STATUS' => '200'
    'FCGI_ROLE' => 'RESPONDER'
    'PHP_SELF' => '/index.php'
    'REQUEST_TIME_FLOAT' => 1490105264.9392
    'REQUEST_TIME' => 1490105264
]
2017-03-21 22:07:50 [127.0.0.1][-][-][error][yii\i18n\PhpMessageSource::loadMessages] The message file for category 'yii' does not exist: D:\WWW\school\vendor\yiisoft\yii2/messages/zh_CN/yii.php Fallback file does not exist as well: D:\WWW\school\vendor\yiisoft\yii2/messages/zh/yii.php
    in D:\WWW\school\vendor\noumo\easyii\modules\subscribe\api\Subscribe.php:42
    in D:\WWW\school\vendor\noumo\easyii\components\API.php:31
    in D:\WWW\school\app\views\layouts\main.php:73
2017-03-21 22:07:50 [127.0.0.1][-][-][error][yii\i18n\PhpMessageSource::loadMessages] The message file for category 'easyii/subscribe/api' does not exist: D:\WWW\school\vendor\noumo\easyii\modules\subscribe\messages/zh_CN/api.php Fallback file does not exist as well: D:\WWW\school\vendor\noumo\easyii\modules\subscribe\messages/zh/api.php
    in D:\WWW\school\vendor\noumo\easyii\modules\subscribe\api\Subscribe.php:43
    in D:\WWW\school\vendor\noumo\easyii\components\API.php:31
    in D:\WWW\school\app\views\layouts\main.php:73
2017-03-21 22:07:48 [127.0.0.1][-][-][info][application] $_COOKIE = [
    'PHPSESSID' => 'qph7r87dh9dqniumsm16vs9vo0'
    'Hm_lvt_4449a883d67a851a47b40dd00c604602' => '1489581253,1489627812,1490085990,1490105158'
    'Hm_lpvt_4449a883d67a851a47b40dd00c604602' => '1490105158'
    'looyu_id' => '81bfb02eae0bbce9b5be1b289a69d8e29e_20000714:12'
    'looyu_20000714' => 'v:16fb660cdbfe63b06808f94392b059d4b8,ref:,r:,mon:http://m8103.looyu.com/monitor,p0:http%3A//school.com.cn/'
    '_csrf' => '4bb2fb4dee1c974080a0b32e542e26ef80d253128b1313b8cae72fef22baf46ca:2:{i:0;s:5:\"_csrf\";i:1;s:32:\"yE5SHzvo7En2dLxiPY5B1Xqwt3jc_FUA\";}'
]

$_SESSION = [
    'XSM_CLIENT_SESSION' => []
    'verify_code' => 'ycpp'
    '__flash' => []
]

$_SERVER = [
    'PATH' => 'E:\\jdk_1.7\\bin;E:\\jdk_1.7\\jre\\bin;C:\\Program Files\\Git\\bin;C:\\Program Files\\Git\\mingw64\\libexec\\git-core;C:\\Program Files (x86)\\Intel\\iCLS Client\\;C:\\Program Files\\Intel\\iCLS Client\\;C:\\Program Files (x86)\\NVIDIA Corporation\\PhysX\\Common;C:\\windows\\system32;C:\\windows;C:\\windows\\System32\\Wbem;C:\\windows\\System32\\WindowsPowerShell\\v1.0\\;C:\\Program Files\\Intel\\Intel(R) Management Engine Components\\DAL;C:\\Program Files (x86)\\Intel\\Intel(R) Management Engine Components\\DAL;C:\\Program Files\\Intel\\Intel(R) Management Engine Components\\IPT;C:\\Program Files (x86)\\Intel\\Intel(R) Management Engine Components\\IPT;C:\\Program Files\\Intel\\WiFi\\bin\\;C:\\Program Files\\Common Files\\Intel\\WirelessCommon\\;C:\\Program Files\\TortoiseSVN\\bin;D:\\phpStudy\\php56n\\php.exe;D:\\Program Files\\TortoiseGit\\bin;D:\\nodejs\\;C:\\Users\\wbb\\AppData\\Roaming\\npm\\;D:\\nodejs\\node_modules\\.bin;D:\\Program Files (x86)\\Subversion\\bin;E:\\maven\\apache-maven\\bin;E:\\jdk_1.7\\bin;E:\\jdk_1.7\\jre\\bin;C:\\Program Files\\Git\\bin;C:\\Program Files\\Git\\mingw64\\libexec\\git-core;C:\\Program Files (x86)\\Intel\\iCLS Client\\;C:\\Program Files\\Intel\\iCLS Client\\;C:\\Program Files (x86)\\NVIDIA Corporation\\PhysX\\Common;C:\\windows\\system32;C:\\windows;C:\\windows\\System32\\Wbem;C:\\windows\\System32\\WindowsPowerShell\\v1.0\\;C:\\Program Files\\Intel\\Intel(R) Management Engine Components\\DAL;C:\\Program Files (x86)\\Intel\\Intel(R) Management Engine Components\\DAL;C:\\Program Files\\Intel\\Intel(R) Management Engine Components\\IPT;C:\\Program Files (x86)\\Intel\\Intel(R) Management Engine Components\\IPT;C:\\Program Files\\Intel\\WiFi\\bin\\;C:\\Program Files\\Common Files\\Intel\\WirelessCommon\\;C:\\Program Files\\TortoiseSVN\\bin;D:\\phpStudy\\php56n\\php.exe;D:\\Program Files\\TortoiseGit\\bin;D:\\nodejs\\;C:\\Users\\wbb\\AppData\\Roaming\\npm\\;D:\\nodejs\\node_modules\\.bin;D:\\Program Files (x86)\\Subversion\\bin;E:\\maven\\apache-maven\\bin;D:\\phpStudy\\php56n;D:\\phpStudy\\php56n\\ext;C:\\Program Files\\OpenVPN\\bin;C:\\ProgramData\\ComposerSetup\\bin;D:\\WWW\\lumen\\vendor\\bin;C:\\Program Files\\Git\\bin;C:\\Program Files\\Git\\mingw64\\libexec\\git-core;C:\\Users\\wbb\\AppData\\Roaming\\npm;D:\\nodejs\\node_modules\\.bin;C:\\Users\\wbb\\AppData\\Roaming\\Composer\\vendor\\bin'
    'SYSTEMROOT' => 'C:\\windows'
    'COMSPEC' => 'C:\\windows\\system32\\cmd.exe'
    'PATHEXT' => '.COM;.EXE;.BAT;.CMD;.VBS;.VBE;.JS;.JSE;.WSF;.WSH;.MSC'
    'WINDIR' => 'C:\\windows'
    'PHP_FCGI_MAX_REQUESTS' => '1000'
    'PHPRC' => 'D:/phpStudy/php54n'
    '_FCGI_SHUTDOWN_EVENT_' => '664'
    'SCRIPT_NAME' => '/index.php'
    'REQUEST_URI' => '/'
    'QUERY_STRING' => ''
    'REQUEST_METHOD' => 'GET'
    'SERVER_PROTOCOL' => 'HTTP/1.1'
    'GATEWAY_INTERFACE' => 'CGI/1.1'
    'REMOTE_PORT' => '53007'
    'SCRIPT_FILENAME' => 'D:/WWW/school/index.php'
    'SERVER_ADMIN' => 'admin@phpStudy.net'
    'CONTEXT_DOCUMENT_ROOT' => 'D:/WWW/school'
    'CONTEXT_PREFIX' => ''
    'REQUEST_SCHEME' => 'http'
    'DOCUMENT_ROOT' => 'D:/WWW/school'
    'REMOTE_ADDR' => '127.0.0.1'
    'SERVER_PORT' => '80'
    'SERVER_ADDR' => '127.0.0.1'
    'SERVER_NAME' => 'school.com.cn'
    'SERVER_SOFTWARE' => 'Apache/2.4.10 (Win32) OpenSSL/0.9.8zb mod_fcgid/2.3.9'
    'SERVER_SIGNATURE' => ''
    'SystemRoot' => 'C:\\windows'
    'HTTP_COOKIE' => 'PHPSESSID=qph7r87dh9dqniumsm16vs9vo0; Hm_lvt_4449a883d67a851a47b40dd00c604602=1489581253,1489627812,1490085990,1490105158; Hm_lpvt_4449a883d67a851a47b40dd00c604602=1490105158; looyu_id=81bfb02eae0bbce9b5be1b289a69d8e29e_20000714%3A12; looyu_20000714=v%3A16fb660cdbfe63b06808f94392b059d4b8%2Cref%3A%2Cr%3A%2Cmon%3Ahttp%3A//m8103.looyu.com/monitor%2Cp0%3Ahttp%253A//school.com.cn/; _csrf=4bb2fb4dee1c974080a0b32e542e26ef80d253128b1313b8cae72fef22baf46ca%3A2%3A%7Bi%3A0%3Bs%3A5%3A%22_csrf%22%3Bi%3A1%3Bs%3A32%3A%22yE5SHzvo7En2dLxiPY5B1Xqwt3jc_FUA%22%3B%7D'
    'HTTP_ACCEPT_LANGUAGE' => 'zh-CN,zh;q=0.8'
    'HTTP_ACCEPT_ENCODING' => 'gzip, deflate, sdch'
    'HTTP_USER_AGENT' => 'Mozilla/5.0 (Windows NT 6.3; WOW64) AppleWebKit/537.36 (KHTML, like Gecko) Chrome/46.0.2490.86 Safari/537.36'
    'HTTP_UPGRADE_INSECURE_REQUESTS' => '1'
    'HTTP_ACCEPT' => 'text/html,application/xhtml+xml,application/xml;q=0.9,image/webp,*/*;q=0.8'
    'HTTP_CONNECTION' => 'close'
    'HTTP_HOST' => 'school.com.cn'
    'FCGI_ROLE' => 'RESPONDER'
    'PHP_SELF' => '/index.php'
    'REQUEST_TIME_FLOAT' => 1490105268.0812
    'REQUEST_TIME' => 1490105268
]
2017-03-21 22:07:50 [127.0.0.1][-][qph7r87dh9dqniumsm16vs9vo0][warning][yii\log\Dispatcher::dispatch] Unable to send log via yii\log\DbTarget: Exception (Database Exception) 'yii\db\Exception' with message 'SQLSTATE[42S02]: Base table or view not found: 1146 Table 'esaycms.log' doesn't exist
The SQL being executed was: INSERT INTO `log` (`level`, `category`, `log_time`, `prefix`, `message`)
                VALUES (1, 'yii\\i18n\\PhpMessageSource::loadMessages', 1490105270.1041, '[127.0.0.1][-][-]', 'The message file for category \'yii\' does not exist: D:\\WWW\\school\\vendor\\yiisoft\\yii2/messages/zh_CN/yii.php Fallback file does not exist as well: D:\\WWW\\school\\vendor\\yiisoft\\yii2/messages/zh/yii.php')' 

in D:\WWW\school\vendor\yiisoft\yii2\db\Schema.php:613

Stack trace:
#0 D:\WWW\school\vendor\yiisoft\yii2\db\Command.php(789): yii\db\Schema->convertException(Object(PDOException), 'INSERT INTO `lo...')
#1 D:\WWW\school\vendor\yiisoft\yii2\log\DbTarget.php(78): yii\db\Command->execute()
#2 D:\WWW\school\vendor\yiisoft\yii2\log\Target.php(112): yii\log\DbTarget->export()
#3 D:\WWW\school\vendor\yiisoft\yii2\log\Dispatcher.php(183): yii\log\Target->collect(Array, true)
#4 D:\WWW\school\vendor\yiisoft\yii2\log\Logger.php(173): yii\log\Dispatcher->dispatch(Array, true)
#5 [internal function]: yii\log\Logger->flush(true)
#6 {main}
2017-03-21 22:07:48 [127.0.0.1][-][qph7r87dh9dqniumsm16vs9vo0][info][application] $_COOKIE = [
    'PHPSESSID' => 'qph7r87dh9dqniumsm16vs9vo0'
    'Hm_lvt_4449a883d67a851a47b40dd00c604602' => '1489581253,1489627812,1490085990,1490105158'
    'Hm_lpvt_4449a883d67a851a47b40dd00c604602' => '1490105158'
    'looyu_id' => '81bfb02eae0bbce9b5be1b289a69d8e29e_20000714:12'
    'looyu_20000714' => 'v:16fb660cdbfe63b06808f94392b059d4b8,ref:,r:,mon:http://m8103.looyu.com/monitor,p0:http%3A//school.com.cn/'
    '_csrf' => '4bb2fb4dee1c974080a0b32e542e26ef80d253128b1313b8cae72fef22baf46ca:2:{i:0;s:5:\"_csrf\";i:1;s:32:\"yE5SHzvo7En2dLxiPY5B1Xqwt3jc_FUA\";}'
]

$_SESSION = [
    'XSM_CLIENT_SESSION' => []
    'verify_code' => 'ycpp'
    '__flash' => []
]

$_SERVER = [
    'PATH' => 'E:\\jdk_1.7\\bin;E:\\jdk_1.7\\jre\\bin;C:\\Program Files\\Git\\bin;C:\\Program Files\\Git\\mingw64\\libexec\\git-core;C:\\Program Files (x86)\\Intel\\iCLS Client\\;C:\\Program Files\\Intel\\iCLS Client\\;C:\\Program Files (x86)\\NVIDIA Corporation\\PhysX\\Common;C:\\windows\\system32;C:\\windows;C:\\windows\\System32\\Wbem;C:\\windows\\System32\\WindowsPowerShell\\v1.0\\;C:\\Program Files\\Intel\\Intel(R) Management Engine Components\\DAL;C:\\Program Files (x86)\\Intel\\Intel(R) Management Engine Components\\DAL;C:\\Program Files\\Intel\\Intel(R) Management Engine Components\\IPT;C:\\Program Files (x86)\\Intel\\Intel(R) Management Engine Components\\IPT;C:\\Program Files\\Intel\\WiFi\\bin\\;C:\\Program Files\\Common Files\\Intel\\WirelessCommon\\;C:\\Program Files\\TortoiseSVN\\bin;D:\\phpStudy\\php56n\\php.exe;D:\\Program Files\\TortoiseGit\\bin;D:\\nodejs\\;C:\\Users\\wbb\\AppData\\Roaming\\npm\\;D:\\nodejs\\node_modules\\.bin;D:\\Program Files (x86)\\Subversion\\bin;E:\\maven\\apache-maven\\bin;E:\\jdk_1.7\\bin;E:\\jdk_1.7\\jre\\bin;C:\\Program Files\\Git\\bin;C:\\Program Files\\Git\\mingw64\\libexec\\git-core;C:\\Program Files (x86)\\Intel\\iCLS Client\\;C:\\Program Files\\Intel\\iCLS Client\\;C:\\Program Files (x86)\\NVIDIA Corporation\\PhysX\\Common;C:\\windows\\system32;C:\\windows;C:\\windows\\System32\\Wbem;C:\\windows\\System32\\WindowsPowerShell\\v1.0\\;C:\\Program Files\\Intel\\Intel(R) Management Engine Components\\DAL;C:\\Program Files (x86)\\Intel\\Intel(R) Management Engine Components\\DAL;C:\\Program Files\\Intel\\Intel(R) Management Engine Components\\IPT;C:\\Program Files (x86)\\Intel\\Intel(R) Management Engine Components\\IPT;C:\\Program Files\\Intel\\WiFi\\bin\\;C:\\Program Files\\Common Files\\Intel\\WirelessCommon\\;C:\\Program Files\\TortoiseSVN\\bin;D:\\phpStudy\\php56n\\php.exe;D:\\Program Files\\TortoiseGit\\bin;D:\\nodejs\\;C:\\Users\\wbb\\AppData\\Roaming\\npm\\;D:\\nodejs\\node_modules\\.bin;D:\\Program Files (x86)\\Subversion\\bin;E:\\maven\\apache-maven\\bin;D:\\phpStudy\\php56n;D:\\phpStudy\\php56n\\ext;C:\\Program Files\\OpenVPN\\bin;C:\\ProgramData\\ComposerSetup\\bin;D:\\WWW\\lumen\\vendor\\bin;C:\\Program Files\\Git\\bin;C:\\Program Files\\Git\\mingw64\\libexec\\git-core;C:\\Users\\wbb\\AppData\\Roaming\\npm;D:\\nodejs\\node_modules\\.bin;C:\\Users\\wbb\\AppData\\Roaming\\Composer\\vendor\\bin'
    'SYSTEMROOT' => 'C:\\windows'
    'COMSPEC' => 'C:\\windows\\system32\\cmd.exe'
    'PATHEXT' => '.COM;.EXE;.BAT;.CMD;.VBS;.VBE;.JS;.JSE;.WSF;.WSH;.MSC'
    'WINDIR' => 'C:\\windows'
    'PHP_FCGI_MAX_REQUESTS' => '1000'
    'PHPRC' => 'D:/phpStudy/php54n'
    '_FCGI_SHUTDOWN_EVENT_' => '664'
    'SCRIPT_NAME' => '/index.php'
    'REQUEST_URI' => '/'
    'QUERY_STRING' => ''
    'REQUEST_METHOD' => 'GET'
    'SERVER_PROTOCOL' => 'HTTP/1.1'
    'GATEWAY_INTERFACE' => 'CGI/1.1'
    'REMOTE_PORT' => '53007'
    'SCRIPT_FILENAME' => 'D:/WWW/school/index.php'
    'SERVER_ADMIN' => 'admin@phpStudy.net'
    'CONTEXT_DOCUMENT_ROOT' => 'D:/WWW/school'
    'CONTEXT_PREFIX' => ''
    'REQUEST_SCHEME' => 'http'
    'DOCUMENT_ROOT' => 'D:/WWW/school'
    'REMOTE_ADDR' => '127.0.0.1'
    'SERVER_PORT' => '80'
    'SERVER_ADDR' => '127.0.0.1'
    'SERVER_NAME' => 'school.com.cn'
    'SERVER_SOFTWARE' => 'Apache/2.4.10 (Win32) OpenSSL/0.9.8zb mod_fcgid/2.3.9'
    'SERVER_SIGNATURE' => ''
    'SystemRoot' => 'C:\\windows'
    'HTTP_COOKIE' => 'PHPSESSID=qph7r87dh9dqniumsm16vs9vo0; Hm_lvt_4449a883d67a851a47b40dd00c604602=1489581253,1489627812,1490085990,1490105158; Hm_lpvt_4449a883d67a851a47b40dd00c604602=1490105158; looyu_id=81bfb02eae0bbce9b5be1b289a69d8e29e_20000714%3A12; looyu_20000714=v%3A16fb660cdbfe63b06808f94392b059d4b8%2Cref%3A%2Cr%3A%2Cmon%3Ahttp%3A//m8103.looyu.com/monitor%2Cp0%3Ahttp%253A//school.com.cn/; _csrf=4bb2fb4dee1c974080a0b32e542e26ef80d253128b1313b8cae72fef22baf46ca%3A2%3A%7Bi%3A0%3Bs%3A5%3A%22_csrf%22%3Bi%3A1%3Bs%3A32%3A%22yE5SHzvo7En2dLxiPY5B1Xqwt3jc_FUA%22%3B%7D'
    'HTTP_ACCEPT_LANGUAGE' => 'zh-CN,zh;q=0.8'
    'HTTP_ACCEPT_ENCODING' => 'gzip, deflate, sdch'
    'HTTP_USER_AGENT' => 'Mozilla/5.0 (Windows NT 6.3; WOW64) AppleWebKit/537.36 (KHTML, like Gecko) Chrome/46.0.2490.86 Safari/537.36'
    'HTTP_UPGRADE_INSECURE_REQUESTS' => '1'
    'HTTP_ACCEPT' => 'text/html,application/xhtml+xml,application/xml;q=0.9,image/webp,*/*;q=0.8'
    'HTTP_CONNECTION' => 'close'
    'HTTP_HOST' => 'school.com.cn'
    'FCGI_ROLE' => 'RESPONDER'
    'PHP_SELF' => '/index.php'
    'REQUEST_TIME_FLOAT' => 1490105268.0812
    'REQUEST_TIME' => 1490105268
]
2017-03-21 22:14:02 [127.0.0.1][-][-][error][yii\i18n\PhpMessageSource::loadMessages] The message file for category 'yii' does not exist: D:\WWW\school\vendor\yiisoft\yii2/messages/zh_CN/yii.php Fallback file does not exist as well: D:\WWW\school\vendor\yiisoft\yii2/messages/zh/yii.php
2017-03-21 22:14:02 [127.0.0.1][-][-][error][yii\web\HttpException:404] exception 'yii\base\InvalidRouteException' with message 'Unable to resolve the request "indeschool.php".' in D:\WWW\school\vendor\yiisoft\yii2\base\Module.php:461
Stack trace:
#0 D:\WWW\school\vendor\yiisoft\yii2\web\Application.php(84): yii\base\Module->runAction('indeschool.php', Array)
#1 D:\WWW\school\vendor\yiisoft\yii2\base\Application.php(375): yii\web\Application->handleRequest(Object(yii\web\Request))
#2 D:\WWW\school\index.php(11): yii\base\Application->run()
#3 {main}

Next exception 'yii\web\NotFoundHttpException' with message 'Page not found.' in D:\WWW\school\vendor\yiisoft\yii2\web\Application.php:96
Stack trace:
#0 D:\WWW\school\vendor\yiisoft\yii2\base\Application.php(375): yii\web\Application->handleRequest(Object(yii\web\Request))
#1 D:\WWW\school\index.php(11): yii\base\Application->run()
#2 {main}
2017-03-21 22:14:03 [127.0.0.1][-][-][error][yii\i18n\PhpMessageSource::loadMessages] The message file for category 'easyii/subscribe/api' does not exist: D:\WWW\school\vendor\noumo\easyii\modules\subscribe\messages/zh_CN/api.php Fallback file does not exist as well: D:\WWW\school\vendor\noumo\easyii\modules\subscribe\messages/zh/api.php
    in D:\WWW\school\vendor\noumo\easyii\modules\subscribe\api\Subscribe.php:43
    in D:\WWW\school\vendor\noumo\easyii\components\API.php:31
    in D:\WWW\school\app\views\layouts\main.php:73
2017-03-21 22:14:02 [127.0.0.1][-][-][info][application] $_COOKIE = [
    'PHPSESSID' => 'qph7r87dh9dqniumsm16vs9vo0'
    'Hm_lvt_4449a883d67a851a47b40dd00c604602' => '1489581253,1489627812,1490085990,1490105158'
    'Hm_lpvt_4449a883d67a851a47b40dd00c604602' => '1490105158'
    'looyu_id' => '81bfb02eae0bbce9b5be1b289a69d8e29e_20000714:12'
    '_csrf' => '4bb2fb4dee1c974080a0b32e542e26ef80d253128b1313b8cae72fef22baf46ca:2:{i:0;s:5:\"_csrf\";i:1;s:32:\"yE5SHzvo7En2dLxiPY5B1Xqwt3jc_FUA\";}'
]

$_SESSION = [
    'XSM_CLIENT_SESSION' => []
    'verify_code' => 'ycpp'
    '__flash' => []
]

$_SERVER = [
    'PATH' => 'E:\\jdk_1.7\\bin;E:\\jdk_1.7\\jre\\bin;C:\\Program Files\\Git\\bin;C:\\Program Files\\Git\\mingw64\\libexec\\git-core;C:\\Program Files (x86)\\Intel\\iCLS Client\\;C:\\Program Files\\Intel\\iCLS Client\\;C:\\Program Files (x86)\\NVIDIA Corporation\\PhysX\\Common;C:\\windows\\system32;C:\\windows;C:\\windows\\System32\\Wbem;C:\\windows\\System32\\WindowsPowerShell\\v1.0\\;C:\\Program Files\\Intel\\Intel(R) Management Engine Components\\DAL;C:\\Program Files (x86)\\Intel\\Intel(R) Management Engine Components\\DAL;C:\\Program Files\\Intel\\Intel(R) Management Engine Components\\IPT;C:\\Program Files (x86)\\Intel\\Intel(R) Management Engine Components\\IPT;C:\\Program Files\\Intel\\WiFi\\bin\\;C:\\Program Files\\Common Files\\Intel\\WirelessCommon\\;C:\\Program Files\\TortoiseSVN\\bin;D:\\phpStudy\\php56n\\php.exe;D:\\Program Files\\TortoiseGit\\bin;D:\\nodejs\\;C:\\Users\\wbb\\AppData\\Roaming\\npm\\;D:\\nodejs\\node_modules\\.bin;D:\\Program Files (x86)\\Subversion\\bin;E:\\maven\\apache-maven\\bin;E:\\jdk_1.7\\bin;E:\\jdk_1.7\\jre\\bin;C:\\Program Files\\Git\\bin;C:\\Program Files\\Git\\mingw64\\libexec\\git-core;C:\\Program Files (x86)\\Intel\\iCLS Client\\;C:\\Program Files\\Intel\\iCLS Client\\;C:\\Program Files (x86)\\NVIDIA Corporation\\PhysX\\Common;C:\\windows\\system32;C:\\windows;C:\\windows\\System32\\Wbem;C:\\windows\\System32\\WindowsPowerShell\\v1.0\\;C:\\Program Files\\Intel\\Intel(R) Management Engine Components\\DAL;C:\\Program Files (x86)\\Intel\\Intel(R) Management Engine Components\\DAL;C:\\Program Files\\Intel\\Intel(R) Management Engine Components\\IPT;C:\\Program Files (x86)\\Intel\\Intel(R) Management Engine Components\\IPT;C:\\Program Files\\Intel\\WiFi\\bin\\;C:\\Program Files\\Common Files\\Intel\\WirelessCommon\\;C:\\Program Files\\TortoiseSVN\\bin;D:\\phpStudy\\php56n\\php.exe;D:\\Program Files\\TortoiseGit\\bin;D:\\nodejs\\;C:\\Users\\wbb\\AppData\\Roaming\\npm\\;D:\\nodejs\\node_modules\\.bin;D:\\Program Files (x86)\\Subversion\\bin;E:\\maven\\apache-maven\\bin;D:\\phpStudy\\php56n;D:\\phpStudy\\php56n\\ext;C:\\Program Files\\OpenVPN\\bin;C:\\ProgramData\\ComposerSetup\\bin;D:\\WWW\\lumen\\vendor\\bin;C:\\Program Files\\Git\\bin;C:\\Program Files\\Git\\mingw64\\libexec\\git-core;C:\\Users\\wbb\\AppData\\Roaming\\npm;D:\\nodejs\\node_modules\\.bin;C:\\Users\\wbb\\AppData\\Roaming\\Composer\\vendor\\bin'
    'SYSTEMROOT' => 'C:\\windows'
    'COMSPEC' => 'C:\\windows\\system32\\cmd.exe'
    'PATHEXT' => '.COM;.EXE;.BAT;.CMD;.VBS;.VBE;.JS;.JSE;.WSF;.WSH;.MSC'
    'WINDIR' => 'C:\\windows'
    'PHP_FCGI_MAX_REQUESTS' => '1000'
    'PHPRC' => 'D:/phpStudy/php54n'
    '_FCGI_SHUTDOWN_EVENT_' => '2136'
    'SCRIPT_NAME' => '/index.php'
    'REQUEST_URI' => '/indeschool.php'
    'QUERY_STRING' => ''
    'REQUEST_METHOD' => 'GET'
    'SERVER_PROTOCOL' => 'HTTP/1.1'
    'GATEWAY_INTERFACE' => 'CGI/1.1'
    'REDIRECT_URL' => '/indeschool.php'
    'REMOTE_PORT' => '53506'
    'SCRIPT_FILENAME' => 'D:/WWW/school/index.php'
    'SERVER_ADMIN' => 'admin@phpStudy.net'
    'CONTEXT_DOCUMENT_ROOT' => 'D:/WWW/school'
    'CONTEXT_PREFIX' => ''
    'REQUEST_SCHEME' => 'http'
    'DOCUMENT_ROOT' => 'D:/WWW/school'
    'REMOTE_ADDR' => '127.0.0.1'
    'SERVER_PORT' => '80'
    'SERVER_ADDR' => '127.0.0.1'
    'SERVER_NAME' => 'school.com.cn'
    'SERVER_SOFTWARE' => 'Apache/2.4.10 (Win32) OpenSSL/0.9.8zb mod_fcgid/2.3.9'
    'SERVER_SIGNATURE' => ''
    'SystemRoot' => 'C:\\windows'
    'HTTP_COOKIE' => 'PHPSESSID=qph7r87dh9dqniumsm16vs9vo0; Hm_lvt_4449a883d67a851a47b40dd00c604602=1489581253,1489627812,1490085990,1490105158; Hm_lpvt_4449a883d67a851a47b40dd00c604602=1490105158; looyu_id=81bfb02eae0bbce9b5be1b289a69d8e29e_20000714%3A12; _csrf=4bb2fb4dee1c974080a0b32e542e26ef80d253128b1313b8cae72fef22baf46ca%3A2%3A%7Bi%3A0%3Bs%3A5%3A%22_csrf%22%3Bi%3A1%3Bs%3A32%3A%22yE5SHzvo7En2dLxiPY5B1Xqwt3jc_FUA%22%3B%7D'
    'HTTP_ACCEPT_LANGUAGE' => 'zh-CN,zh;q=0.8'
    'HTTP_ACCEPT_ENCODING' => 'gzip, deflate, sdch'
    'HTTP_USER_AGENT' => 'Mozilla/5.0 (Windows NT 6.3; WOW64) AppleWebKit/537.36 (KHTML, like Gecko) Chrome/46.0.2490.86 Safari/537.36'
    'HTTP_UPGRADE_INSECURE_REQUESTS' => '1'
    'HTTP_ACCEPT' => 'text/html,application/xhtml+xml,application/xml;q=0.9,image/webp,*/*;q=0.8'
    'HTTP_CONNECTION' => 'close'
    'HTTP_HOST' => 'school.com.cn'
    'REDIRECT_STATUS' => '200'
    'FCGI_ROLE' => 'RESPONDER'
    'PHP_SELF' => '/index.php'
    'REQUEST_TIME_FLOAT' => 1490105642.747
    'REQUEST_TIME' => 1490105642
]
2017-03-21 22:14:04 [127.0.0.1][-][qph7r87dh9dqniumsm16vs9vo0][warning][yii\log\Dispatcher::dispatch] Unable to send log via yii\log\DbTarget: Exception (Database Exception) 'yii\db\Exception' with message 'SQLSTATE[42S02]: Base table or view not found: 1146 Table 'esaycms.log' doesn't exist
The SQL being executed was: INSERT INTO `log` (`level`, `category`, `log_time`, `prefix`, `message`)
                VALUES (1, 'yii\\i18n\\PhpMessageSource::loadMessages', 1490105642.8242, '[127.0.0.1][-][-]', 'The message file for category \'yii\' does not exist: D:\\WWW\\school\\vendor\\yiisoft\\yii2/messages/zh_CN/yii.php Fallback file does not exist as well: D:\\WWW\\school\\vendor\\yiisoft\\yii2/messages/zh/yii.php')' 

in D:\WWW\school\vendor\yiisoft\yii2\db\Schema.php:613

Stack trace:
#0 D:\WWW\school\vendor\yiisoft\yii2\db\Command.php(789): yii\db\Schema->convertException(Object(PDOException), 'INSERT INTO `lo...')
#1 D:\WWW\school\vendor\yiisoft\yii2\log\DbTarget.php(78): yii\db\Command->execute()
#2 D:\WWW\school\vendor\yiisoft\yii2\log\Target.php(112): yii\log\DbTarget->export()
#3 D:\WWW\school\vendor\yiisoft\yii2\log\Dispatcher.php(183): yii\log\Target->collect(Array, true)
#4 D:\WWW\school\vendor\yiisoft\yii2\log\Logger.php(173): yii\log\Dispatcher->dispatch(Array, true)
#5 [internal function]: yii\log\Logger->flush(true)
#6 {main}
2017-03-21 22:14:02 [127.0.0.1][-][qph7r87dh9dqniumsm16vs9vo0][info][application] $_COOKIE = [
    'PHPSESSID' => 'qph7r87dh9dqniumsm16vs9vo0'
    'Hm_lvt_4449a883d67a851a47b40dd00c604602' => '1489581253,1489627812,1490085990,1490105158'
    'Hm_lpvt_4449a883d67a851a47b40dd00c604602' => '1490105158'
    'looyu_id' => '81bfb02eae0bbce9b5be1b289a69d8e29e_20000714:12'
    '_csrf' => '4bb2fb4dee1c974080a0b32e542e26ef80d253128b1313b8cae72fef22baf46ca:2:{i:0;s:5:\"_csrf\";i:1;s:32:\"yE5SHzvo7En2dLxiPY5B1Xqwt3jc_FUA\";}'
]

$_SESSION = [
    'XSM_CLIENT_SESSION' => []
    'verify_code' => 'ycpp'
    '__flash' => []
]

$_SERVER = [
    'PATH' => 'E:\\jdk_1.7\\bin;E:\\jdk_1.7\\jre\\bin;C:\\Program Files\\Git\\bin;C:\\Program Files\\Git\\mingw64\\libexec\\git-core;C:\\Program Files (x86)\\Intel\\iCLS Client\\;C:\\Program Files\\Intel\\iCLS Client\\;C:\\Program Files (x86)\\NVIDIA Corporation\\PhysX\\Common;C:\\windows\\system32;C:\\windows;C:\\windows\\System32\\Wbem;C:\\windows\\System32\\WindowsPowerShell\\v1.0\\;C:\\Program Files\\Intel\\Intel(R) Management Engine Components\\DAL;C:\\Program Files (x86)\\Intel\\Intel(R) Management Engine Components\\DAL;C:\\Program Files\\Intel\\Intel(R) Management Engine Components\\IPT;C:\\Program Files (x86)\\Intel\\Intel(R) Management Engine Components\\IPT;C:\\Program Files\\Intel\\WiFi\\bin\\;C:\\Program Files\\Common Files\\Intel\\WirelessCommon\\;C:\\Program Files\\TortoiseSVN\\bin;D:\\phpStudy\\php56n\\php.exe;D:\\Program Files\\TortoiseGit\\bin;D:\\nodejs\\;C:\\Users\\wbb\\AppData\\Roaming\\npm\\;D:\\nodejs\\node_modules\\.bin;D:\\Program Files (x86)\\Subversion\\bin;E:\\maven\\apache-maven\\bin;E:\\jdk_1.7\\bin;E:\\jdk_1.7\\jre\\bin;C:\\Program Files\\Git\\bin;C:\\Program Files\\Git\\mingw64\\libexec\\git-core;C:\\Program Files (x86)\\Intel\\iCLS Client\\;C:\\Program Files\\Intel\\iCLS Client\\;C:\\Program Files (x86)\\NVIDIA Corporation\\PhysX\\Common;C:\\windows\\system32;C:\\windows;C:\\windows\\System32\\Wbem;C:\\windows\\System32\\WindowsPowerShell\\v1.0\\;C:\\Program Files\\Intel\\Intel(R) Management Engine Components\\DAL;C:\\Program Files (x86)\\Intel\\Intel(R) Management Engine Components\\DAL;C:\\Program Files\\Intel\\Intel(R) Management Engine Components\\IPT;C:\\Program Files (x86)\\Intel\\Intel(R) Management Engine Components\\IPT;C:\\Program Files\\Intel\\WiFi\\bin\\;C:\\Program Files\\Common Files\\Intel\\WirelessCommon\\;C:\\Program Files\\TortoiseSVN\\bin;D:\\phpStudy\\php56n\\php.exe;D:\\Program Files\\TortoiseGit\\bin;D:\\nodejs\\;C:\\Users\\wbb\\AppData\\Roaming\\npm\\;D:\\nodejs\\node_modules\\.bin;D:\\Program Files (x86)\\Subversion\\bin;E:\\maven\\apache-maven\\bin;D:\\phpStudy\\php56n;D:\\phpStudy\\php56n\\ext;C:\\Program Files\\OpenVPN\\bin;C:\\ProgramData\\ComposerSetup\\bin;D:\\WWW\\lumen\\vendor\\bin;C:\\Program Files\\Git\\bin;C:\\Program Files\\Git\\mingw64\\libexec\\git-core;C:\\Users\\wbb\\AppData\\Roaming\\npm;D:\\nodejs\\node_modules\\.bin;C:\\Users\\wbb\\AppData\\Roaming\\Composer\\vendor\\bin'
    'SYSTEMROOT' => 'C:\\windows'
    'COMSPEC' => 'C:\\windows\\system32\\cmd.exe'
    'PATHEXT' => '.COM;.EXE;.BAT;.CMD;.VBS;.VBE;.JS;.JSE;.WSF;.WSH;.MSC'
    'WINDIR' => 'C:\\windows'
    'PHP_FCGI_MAX_REQUESTS' => '1000'
    'PHPRC' => 'D:/phpStudy/php54n'
    '_FCGI_SHUTDOWN_EVENT_' => '2136'
    'SCRIPT_NAME' => '/index.php'
    'REQUEST_URI' => '/indeschool.php'
    'QUERY_STRING' => ''
    'REQUEST_METHOD' => 'GET'
    'SERVER_PROTOCOL' => 'HTTP/1.1'
    'GATEWAY_INTERFACE' => 'CGI/1.1'
    'REDIRECT_URL' => '/indeschool.php'
    'REMOTE_PORT' => '53506'
    'SCRIPT_FILENAME' => 'D:/WWW/school/index.php'
    'SERVER_ADMIN' => 'admin@phpStudy.net'
    'CONTEXT_DOCUMENT_ROOT' => 'D:/WWW/school'
    'CONTEXT_PREFIX' => ''
    'REQUEST_SCHEME' => 'http'
    'DOCUMENT_ROOT' => 'D:/WWW/school'
    'REMOTE_ADDR' => '127.0.0.1'
    'SERVER_PORT' => '80'
    'SERVER_ADDR' => '127.0.0.1'
    'SERVER_NAME' => 'school.com.cn'
    'SERVER_SOFTWARE' => 'Apache/2.4.10 (Win32) OpenSSL/0.9.8zb mod_fcgid/2.3.9'
    'SERVER_SIGNATURE' => ''
    'SystemRoot' => 'C:\\windows'
    'HTTP_COOKIE' => 'PHPSESSID=qph7r87dh9dqniumsm16vs9vo0; Hm_lvt_4449a883d67a851a47b40dd00c604602=1489581253,1489627812,1490085990,1490105158; Hm_lpvt_4449a883d67a851a47b40dd00c604602=1490105158; looyu_id=81bfb02eae0bbce9b5be1b289a69d8e29e_20000714%3A12; _csrf=4bb2fb4dee1c974080a0b32e542e26ef80d253128b1313b8cae72fef22baf46ca%3A2%3A%7Bi%3A0%3Bs%3A5%3A%22_csrf%22%3Bi%3A1%3Bs%3A32%3A%22yE5SHzvo7En2dLxiPY5B1Xqwt3jc_FUA%22%3B%7D'
    'HTTP_ACCEPT_LANGUAGE' => 'zh-CN,zh;q=0.8'
    'HTTP_ACCEPT_ENCODING' => 'gzip, deflate, sdch'
    'HTTP_USER_AGENT' => 'Mozilla/5.0 (Windows NT 6.3; WOW64) AppleWebKit/537.36 (KHTML, like Gecko) Chrome/46.0.2490.86 Safari/537.36'
    'HTTP_UPGRADE_INSECURE_REQUESTS' => '1'
    'HTTP_ACCEPT' => 'text/html,application/xhtml+xml,application/xml;q=0.9,image/webp,*/*;q=0.8'
    'HTTP_CONNECTION' => 'close'
    'HTTP_HOST' => 'school.com.cn'
    'REDIRECT_STATUS' => '200'
    'FCGI_ROLE' => 'RESPONDER'
    'PHP_SELF' => '/index.php'
    'REQUEST_TIME_FLOAT' => 1490105642.747
    'REQUEST_TIME' => 1490105642
]
2017-03-21 22:14:48 [127.0.0.1][-][-][error][yii\i18n\PhpMessageSource::loadMessages] The message file for category 'yii' does not exist: D:\WWW\school\vendor\yiisoft\yii2/messages/zh_CN/yii.php Fallback file does not exist as well: D:\WWW\school\vendor\yiisoft\yii2/messages/zh/yii.php
    in D:\WWW\school\vendor\noumo\easyii\modules\subscribe\api\Subscribe.php:42
    in D:\WWW\school\vendor\noumo\easyii\components\API.php:31
    in D:\WWW\school\app\views\layouts\main.php:73
2017-03-21 22:14:48 [127.0.0.1][-][-][error][yii\i18n\PhpMessageSource::loadMessages] The message file for category 'easyii/subscribe/api' does not exist: D:\WWW\school\vendor\noumo\easyii\modules\subscribe\messages/zh_CN/api.php Fallback file does not exist as well: D:\WWW\school\vendor\noumo\easyii\modules\subscribe\messages/zh/api.php
    in D:\WWW\school\vendor\noumo\easyii\modules\subscribe\api\Subscribe.php:43
    in D:\WWW\school\vendor\noumo\easyii\components\API.php:31
    in D:\WWW\school\app\views\layouts\main.php:73
2017-03-21 22:14:47 [127.0.0.1][-][-][info][application] $_GET = [
    'm' => 'bottom.foot_linkCon'
    'cid' => '9'
]

$_COOKIE = [
    'PHPSESSID' => 'qph7r87dh9dqniumsm16vs9vo0'
    '_csrf' => '4bb2fb4dee1c974080a0b32e542e26ef80d253128b1313b8cae72fef22baf46ca:2:{i:0;s:5:\"_csrf\";i:1;s:32:\"yE5SHzvo7En2dLxiPY5B1Xqwt3jc_FUA\";}'
    'looyu_id' => '81bfb02eae0bbce9b5be1b289a69d8e29e_20000714:13'
    'Hm_lvt_4449a883d67a851a47b40dd00c604602' => '1489581253,1489627812,1490085990,1490105158'
    'Hm_lpvt_4449a883d67a851a47b40dd00c604602' => '1490105685'
    'looyu_20000714' => 'v:bde081c5167cb526faaaf7781311b583ae,ref:,r:,mon:http://m8103.looyu.com/monitor,p0:http%3A//school.com.cn/indexschool.php'
]

$_SESSION = [
    'XSM_CLIENT_SESSION' => []
    'verify_code' => 'tebq'
    '__flash' => []
]

$_SERVER = [
    'PATH' => 'E:\\jdk_1.7\\bin;E:\\jdk_1.7\\jre\\bin;C:\\Program Files\\Git\\bin;C:\\Program Files\\Git\\mingw64\\libexec\\git-core;C:\\Program Files (x86)\\Intel\\iCLS Client\\;C:\\Program Files\\Intel\\iCLS Client\\;C:\\Program Files (x86)\\NVIDIA Corporation\\PhysX\\Common;C:\\windows\\system32;C:\\windows;C:\\windows\\System32\\Wbem;C:\\windows\\System32\\WindowsPowerShell\\v1.0\\;C:\\Program Files\\Intel\\Intel(R) Management Engine Components\\DAL;C:\\Program Files (x86)\\Intel\\Intel(R) Management Engine Components\\DAL;C:\\Program Files\\Intel\\Intel(R) Management Engine Components\\IPT;C:\\Program Files (x86)\\Intel\\Intel(R) Management Engine Components\\IPT;C:\\Program Files\\Intel\\WiFi\\bin\\;C:\\Program Files\\Common Files\\Intel\\WirelessCommon\\;C:\\Program Files\\TortoiseSVN\\bin;D:\\phpStudy\\php56n\\php.exe;D:\\Program Files\\TortoiseGit\\bin;D:\\nodejs\\;C:\\Users\\wbb\\AppData\\Roaming\\npm\\;D:\\nodejs\\node_modules\\.bin;D:\\Program Files (x86)\\Subversion\\bin;E:\\maven\\apache-maven\\bin;E:\\jdk_1.7\\bin;E:\\jdk_1.7\\jre\\bin;C:\\Program Files\\Git\\bin;C:\\Program Files\\Git\\mingw64\\libexec\\git-core;C:\\Program Files (x86)\\Intel\\iCLS Client\\;C:\\Program Files\\Intel\\iCLS Client\\;C:\\Program Files (x86)\\NVIDIA Corporation\\PhysX\\Common;C:\\windows\\system32;C:\\windows;C:\\windows\\System32\\Wbem;C:\\windows\\System32\\WindowsPowerShell\\v1.0\\;C:\\Program Files\\Intel\\Intel(R) Management Engine Components\\DAL;C:\\Program Files (x86)\\Intel\\Intel(R) Management Engine Components\\DAL;C:\\Program Files\\Intel\\Intel(R) Management Engine Components\\IPT;C:\\Program Files (x86)\\Intel\\Intel(R) Management Engine Components\\IPT;C:\\Program Files\\Intel\\WiFi\\bin\\;C:\\Program Files\\Common Files\\Intel\\WirelessCommon\\;C:\\Program Files\\TortoiseSVN\\bin;D:\\phpStudy\\php56n\\php.exe;D:\\Program Files\\TortoiseGit\\bin;D:\\nodejs\\;C:\\Users\\wbb\\AppData\\Roaming\\npm\\;D:\\nodejs\\node_modules\\.bin;D:\\Program Files (x86)\\Subversion\\bin;E:\\maven\\apache-maven\\bin;D:\\phpStudy\\php56n;D:\\phpStudy\\php56n\\ext;C:\\Program Files\\OpenVPN\\bin;C:\\ProgramData\\ComposerSetup\\bin;D:\\WWW\\lumen\\vendor\\bin;C:\\Program Files\\Git\\bin;C:\\Program Files\\Git\\mingw64\\libexec\\git-core;C:\\Users\\wbb\\AppData\\Roaming\\npm;D:\\nodejs\\node_modules\\.bin;C:\\Users\\wbb\\AppData\\Roaming\\Composer\\vendor\\bin'
    'SYSTEMROOT' => 'C:\\windows'
    'COMSPEC' => 'C:\\windows\\system32\\cmd.exe'
    'PATHEXT' => '.COM;.EXE;.BAT;.CMD;.VBS;.VBE;.JS;.JSE;.WSF;.WSH;.MSC'
    'WINDIR' => 'C:\\windows'
    'PHP_FCGI_MAX_REQUESTS' => '1000'
    'PHPRC' => 'D:/phpStudy/php54n'
    '_FCGI_SHUTDOWN_EVENT_' => '2136'
    'SCRIPT_NAME' => '/index.php'
    'REQUEST_URI' => '/index.php?m=bottom.foot_linkCon&cid=9'
    'QUERY_STRING' => 'm=bottom.foot_linkCon&cid=9'
    'REQUEST_METHOD' => 'GET'
    'SERVER_PROTOCOL' => 'HTTP/1.1'
    'GATEWAY_INTERFACE' => 'CGI/1.1'
    'REMOTE_PORT' => '53616'
    'SCRIPT_FILENAME' => 'D:/WWW/school/index.php'
    'SERVER_ADMIN' => 'admin@phpStudy.net'
    'CONTEXT_DOCUMENT_ROOT' => 'D:/WWW/school'
    'CONTEXT_PREFIX' => ''
    'REQUEST_SCHEME' => 'http'
    'DOCUMENT_ROOT' => 'D:/WWW/school'
    'REMOTE_ADDR' => '127.0.0.1'
    'SERVER_PORT' => '80'
    'SERVER_ADDR' => '127.0.0.1'
    'SERVER_NAME' => 'school.com.cn'
    'SERVER_SOFTWARE' => 'Apache/2.4.10 (Win32) OpenSSL/0.9.8zb mod_fcgid/2.3.9'
    'SERVER_SIGNATURE' => ''
    'SystemRoot' => 'C:\\windows'
    'HTTP_COOKIE' => 'PHPSESSID=qph7r87dh9dqniumsm16vs9vo0; _csrf=4bb2fb4dee1c974080a0b32e542e26ef80d253128b1313b8cae72fef22baf46ca%3A2%3A%7Bi%3A0%3Bs%3A5%3A%22_csrf%22%3Bi%3A1%3Bs%3A32%3A%22yE5SHzvo7En2dLxiPY5B1Xqwt3jc_FUA%22%3B%7D; looyu_id=81bfb02eae0bbce9b5be1b289a69d8e29e_20000714%3A13; Hm_lvt_4449a883d67a851a47b40dd00c604602=1489581253,1489627812,1490085990,1490105158; Hm_lpvt_4449a883d67a851a47b40dd00c604602=1490105685; looyu_20000714=v%3Abde081c5167cb526faaaf7781311b583ae%2Cref%3A%2Cr%3A%2Cmon%3Ahttp%3A//m8103.looyu.com/monitor%2Cp0%3Ahttp%253A//school.com.cn/indexschool.php'
    'HTTP_ACCEPT_LANGUAGE' => 'zh-CN,zh;q=0.8'
    'HTTP_ACCEPT_ENCODING' => 'gzip, deflate, sdch'
    'HTTP_REFERER' => 'http://school.com.cn/indexschool.php?m=courSystem.index&couClass=6'
    'HTTP_USER_AGENT' => 'Mozilla/5.0 (Windows NT 6.3; WOW64) AppleWebKit/537.36 (KHTML, like Gecko) Chrome/46.0.2490.86 Safari/537.36'
    'HTTP_UPGRADE_INSECURE_REQUESTS' => '1'
    'HTTP_ACCEPT' => 'text/html,application/xhtml+xml,application/xml;q=0.9,image/webp,*/*;q=0.8'
    'HTTP_CONNECTION' => 'close'
    'HTTP_HOST' => 'school.com.cn'
    'FCGI_ROLE' => 'RESPONDER'
    'PHP_SELF' => '/index.php'
    'REQUEST_TIME_FLOAT' => 1490105687.3222
    'REQUEST_TIME' => 1490105687
]
2017-03-21 22:14:48 [127.0.0.1][-][qph7r87dh9dqniumsm16vs9vo0][warning][yii\log\Dispatcher::dispatch] Unable to send log via yii\log\DbTarget: Exception (Database Exception) 'yii\db\Exception' with message 'SQLSTATE[42S02]: Base table or view not found: 1146 Table 'esaycms.log' doesn't exist
The SQL being executed was: INSERT INTO `log` (`level`, `category`, `log_time`, `prefix`, `message`)
                VALUES (1, 'yii\\i18n\\PhpMessageSource::loadMessages', 1490105688.7229, '[127.0.0.1][-][-]', 'The message file for category \'yii\' does not exist: D:\\WWW\\school\\vendor\\yiisoft\\yii2/messages/zh_CN/yii.php Fallback file does not exist as well: D:\\WWW\\school\\vendor\\yiisoft\\yii2/messages/zh/yii.php')' 

in D:\WWW\school\vendor\yiisoft\yii2\db\Schema.php:613

Stack trace:
#0 D:\WWW\school\vendor\yiisoft\yii2\db\Command.php(789): yii\db\Schema->convertException(Object(PDOException), 'INSERT INTO `lo...')
#1 D:\WWW\school\vendor\yiisoft\yii2\log\DbTarget.php(78): yii\db\Command->execute()
#2 D:\WWW\school\vendor\yiisoft\yii2\log\Target.php(112): yii\log\DbTarget->export()
#3 D:\WWW\school\vendor\yiisoft\yii2\log\Dispatcher.php(183): yii\log\Target->collect(Array, true)
#4 D:\WWW\school\vendor\yiisoft\yii2\log\Logger.php(173): yii\log\Dispatcher->dispatch(Array, true)
#5 [internal function]: yii\log\Logger->flush(true)
#6 {main}
2017-03-21 22:14:47 [127.0.0.1][-][qph7r87dh9dqniumsm16vs9vo0][info][application] $_GET = [
    'm' => 'bottom.foot_linkCon'
    'cid' => '9'
]

$_COOKIE = [
    'PHPSESSID' => 'qph7r87dh9dqniumsm16vs9vo0'
    '_csrf' => '4bb2fb4dee1c974080a0b32e542e26ef80d253128b1313b8cae72fef22baf46ca:2:{i:0;s:5:\"_csrf\";i:1;s:32:\"yE5SHzvo7En2dLxiPY5B1Xqwt3jc_FUA\";}'
    'looyu_id' => '81bfb02eae0bbce9b5be1b289a69d8e29e_20000714:13'
    'Hm_lvt_4449a883d67a851a47b40dd00c604602' => '1489581253,1489627812,1490085990,1490105158'
    'Hm_lpvt_4449a883d67a851a47b40dd00c604602' => '1490105685'
    'looyu_20000714' => 'v:bde081c5167cb526faaaf7781311b583ae,ref:,r:,mon:http://m8103.looyu.com/monitor,p0:http%3A//school.com.cn/indexschool.php'
]

$_SESSION = [
    'XSM_CLIENT_SESSION' => []
    'verify_code' => 'tebq'
    '__flash' => []
]

$_SERVER = [
    'PATH' => 'E:\\jdk_1.7\\bin;E:\\jdk_1.7\\jre\\bin;C:\\Program Files\\Git\\bin;C:\\Program Files\\Git\\mingw64\\libexec\\git-core;C:\\Program Files (x86)\\Intel\\iCLS Client\\;C:\\Program Files\\Intel\\iCLS Client\\;C:\\Program Files (x86)\\NVIDIA Corporation\\PhysX\\Common;C:\\windows\\system32;C:\\windows;C:\\windows\\System32\\Wbem;C:\\windows\\System32\\WindowsPowerShell\\v1.0\\;C:\\Program Files\\Intel\\Intel(R) Management Engine Components\\DAL;C:\\Program Files (x86)\\Intel\\Intel(R) Management Engine Components\\DAL;C:\\Program Files\\Intel\\Intel(R) Management Engine Components\\IPT;C:\\Program Files (x86)\\Intel\\Intel(R) Management Engine Components\\IPT;C:\\Program Files\\Intel\\WiFi\\bin\\;C:\\Program Files\\Common Files\\Intel\\WirelessCommon\\;C:\\Program Files\\TortoiseSVN\\bin;D:\\phpStudy\\php56n\\php.exe;D:\\Program Files\\TortoiseGit\\bin;D:\\nodejs\\;C:\\Users\\wbb\\AppData\\Roaming\\npm\\;D:\\nodejs\\node_modules\\.bin;D:\\Program Files (x86)\\Subversion\\bin;E:\\maven\\apache-maven\\bin;E:\\jdk_1.7\\bin;E:\\jdk_1.7\\jre\\bin;C:\\Program Files\\Git\\bin;C:\\Program Files\\Git\\mingw64\\libexec\\git-core;C:\\Program Files (x86)\\Intel\\iCLS Client\\;C:\\Program Files\\Intel\\iCLS Client\\;C:\\Program Files (x86)\\NVIDIA Corporation\\PhysX\\Common;C:\\windows\\system32;C:\\windows;C:\\windows\\System32\\Wbem;C:\\windows\\System32\\WindowsPowerShell\\v1.0\\;C:\\Program Files\\Intel\\Intel(R) Management Engine Components\\DAL;C:\\Program Files (x86)\\Intel\\Intel(R) Management Engine Components\\DAL;C:\\Program Files\\Intel\\Intel(R) Management Engine Components\\IPT;C:\\Program Files (x86)\\Intel\\Intel(R) Management Engine Components\\IPT;C:\\Program Files\\Intel\\WiFi\\bin\\;C:\\Program Files\\Common Files\\Intel\\WirelessCommon\\;C:\\Program Files\\TortoiseSVN\\bin;D:\\phpStudy\\php56n\\php.exe;D:\\Program Files\\TortoiseGit\\bin;D:\\nodejs\\;C:\\Users\\wbb\\AppData\\Roaming\\npm\\;D:\\nodejs\\node_modules\\.bin;D:\\Program Files (x86)\\Subversion\\bin;E:\\maven\\apache-maven\\bin;D:\\phpStudy\\php56n;D:\\phpStudy\\php56n\\ext;C:\\Program Files\\OpenVPN\\bin;C:\\ProgramData\\ComposerSetup\\bin;D:\\WWW\\lumen\\vendor\\bin;C:\\Program Files\\Git\\bin;C:\\Program Files\\Git\\mingw64\\libexec\\git-core;C:\\Users\\wbb\\AppData\\Roaming\\npm;D:\\nodejs\\node_modules\\.bin;C:\\Users\\wbb\\AppData\\Roaming\\Composer\\vendor\\bin'
    'SYSTEMROOT' => 'C:\\windows'
    'COMSPEC' => 'C:\\windows\\system32\\cmd.exe'
    'PATHEXT' => '.COM;.EXE;.BAT;.CMD;.VBS;.VBE;.JS;.JSE;.WSF;.WSH;.MSC'
    'WINDIR' => 'C:\\windows'
    'PHP_FCGI_MAX_REQUESTS' => '1000'
    'PHPRC' => 'D:/phpStudy/php54n'
    '_FCGI_SHUTDOWN_EVENT_' => '2136'
    'SCRIPT_NAME' => '/index.php'
    'REQUEST_URI' => '/index.php?m=bottom.foot_linkCon&cid=9'
    'QUERY_STRING' => 'm=bottom.foot_linkCon&cid=9'
    'REQUEST_METHOD' => 'GET'
    'SERVER_PROTOCOL' => 'HTTP/1.1'
    'GATEWAY_INTERFACE' => 'CGI/1.1'
    'REMOTE_PORT' => '53616'
    'SCRIPT_FILENAME' => 'D:/WWW/school/index.php'
    'SERVER_ADMIN' => 'admin@phpStudy.net'
    'CONTEXT_DOCUMENT_ROOT' => 'D:/WWW/school'
    'CONTEXT_PREFIX' => ''
    'REQUEST_SCHEME' => 'http'
    'DOCUMENT_ROOT' => 'D:/WWW/school'
    'REMOTE_ADDR' => '127.0.0.1'
    'SERVER_PORT' => '80'
    'SERVER_ADDR' => '127.0.0.1'
    'SERVER_NAME' => 'school.com.cn'
    'SERVER_SOFTWARE' => 'Apache/2.4.10 (Win32) OpenSSL/0.9.8zb mod_fcgid/2.3.9'
    'SERVER_SIGNATURE' => ''
    'SystemRoot' => 'C:\\windows'
    'HTTP_COOKIE' => 'PHPSESSID=qph7r87dh9dqniumsm16vs9vo0; _csrf=4bb2fb4dee1c974080a0b32e542e26ef80d253128b1313b8cae72fef22baf46ca%3A2%3A%7Bi%3A0%3Bs%3A5%3A%22_csrf%22%3Bi%3A1%3Bs%3A32%3A%22yE5SHzvo7En2dLxiPY5B1Xqwt3jc_FUA%22%3B%7D; looyu_id=81bfb02eae0bbce9b5be1b289a69d8e29e_20000714%3A13; Hm_lvt_4449a883d67a851a47b40dd00c604602=1489581253,1489627812,1490085990,1490105158; Hm_lpvt_4449a883d67a851a47b40dd00c604602=1490105685; looyu_20000714=v%3Abde081c5167cb526faaaf7781311b583ae%2Cref%3A%2Cr%3A%2Cmon%3Ahttp%3A//m8103.looyu.com/monitor%2Cp0%3Ahttp%253A//school.com.cn/indexschool.php'
    'HTTP_ACCEPT_LANGUAGE' => 'zh-CN,zh;q=0.8'
    'HTTP_ACCEPT_ENCODING' => 'gzip, deflate, sdch'
    'HTTP_REFERER' => 'http://school.com.cn/indexschool.php?m=courSystem.index&couClass=6'
    'HTTP_USER_AGENT' => 'Mozilla/5.0 (Windows NT 6.3; WOW64) AppleWebKit/537.36 (KHTML, like Gecko) Chrome/46.0.2490.86 Safari/537.36'
    'HTTP_UPGRADE_INSECURE_REQUESTS' => '1'
    'HTTP_ACCEPT' => 'text/html,application/xhtml+xml,application/xml;q=0.9,image/webp,*/*;q=0.8'
    'HTTP_CONNECTION' => 'close'
    'HTTP_HOST' => 'school.com.cn'
    'FCGI_ROLE' => 'RESPONDER'
    'PHP_SELF' => '/index.php'
    'REQUEST_TIME_FLOAT' => 1490105687.3222
    'REQUEST_TIME' => 1490105687
]
2017-03-21 22:16:00 [127.0.0.1][-][-][error][yii\i18n\PhpMessageSource::loadMessages] The message file for category 'yii' does not exist: D:\WWW\school\vendor\yiisoft\yii2/messages/zh_CN/yii.php Fallback file does not exist as well: D:\WWW\school\vendor\yiisoft\yii2/messages/zh/yii.php
2017-03-21 22:16:00 [127.0.0.1][-][-][error][yii\web\HttpException:404] exception 'yii\base\InvalidRouteException' with message 'Unable to resolve the request "img/logo.png".' in D:\WWW\school\vendor\yiisoft\yii2\base\Module.php:461
Stack trace:
#0 D:\WWW\school\vendor\yiisoft\yii2\web\Application.php(84): yii\base\Module->runAction('img/logo.png', Array)
#1 D:\WWW\school\vendor\yiisoft\yii2\base\Application.php(375): yii\web\Application->handleRequest(Object(yii\web\Request))
#2 D:\WWW\school\index.php(11): yii\base\Application->run()
#3 {main}

Next exception 'yii\web\NotFoundHttpException' with message 'Page not found.' in D:\WWW\school\vendor\yiisoft\yii2\web\Application.php:96
Stack trace:
#0 D:\WWW\school\vendor\yiisoft\yii2\base\Application.php(375): yii\web\Application->handleRequest(Object(yii\web\Request))
#1 D:\WWW\school\index.php(11): yii\base\Application->run()
#2 {main}
2017-03-21 22:16:01 [127.0.0.1][-][-][error][yii\i18n\PhpMessageSource::loadMessages] The message file for category 'easyii/subscribe/api' does not exist: D:\WWW\school\vendor\noumo\easyii\modules\subscribe\messages/zh_CN/api.php Fallback file does not exist as well: D:\WWW\school\vendor\noumo\easyii\modules\subscribe\messages/zh/api.php
    in D:\WWW\school\vendor\noumo\easyii\modules\subscribe\api\Subscribe.php:43
    in D:\WWW\school\vendor\noumo\easyii\components\API.php:31
    in D:\WWW\school\app\views\layouts\main.php:73
2017-03-21 22:16:00 [127.0.0.1][-][-][info][application] $_COOKIE = [
    '_csrf' => '4bb2fb4dee1c974080a0b32e542e26ef80d253128b1313b8cae72fef22baf46ca:2:{i:0;s:5:\"_csrf\";i:1;s:32:\"yE5SHzvo7En2dLxiPY5B1Xqwt3jc_FUA\";}'
    'looyu_id' => '81bfb02eae0bbce9b5be1b289a69d8e29e_20000714:13'
    'Hm_lvt_4449a883d67a851a47b40dd00c604602' => '1489581253,1489627812,1490085990,1490105158'
    'Hm_lpvt_4449a883d67a851a47b40dd00c604602' => '1490105696'
    'looyu_20000714' => 'v:bde081c5167cb526faaaf7781311b583ae,ref:,r:,mon:http://m8103.looyu.com/monitor,p0:http%3A//school.com.cn/indexschool.php'
    'PHPSESSID' => 'jpdvbd5vj30mdggpensh6ijm52'
]

$_SESSION = [
    'XSM_CLIENT_SESSION' => [
        'is_root' => '1'
        '__CLIENT_ADMIN_ROOT' => '1'
        'screen_name' => 'admin'
        '__CLIENT_USER_ID' => '1'
        'gid' => '1'
        '__CLIENT_ADMIN_ID' => '1'
    ]
    'verify_code' => 'cuhc'
    '__flash' => []
]

$_SERVER = [
    'PATH' => 'E:\\jdk_1.7\\bin;E:\\jdk_1.7\\jre\\bin;C:\\Program Files\\Git\\bin;C:\\Program Files\\Git\\mingw64\\libexec\\git-core;C:\\Program Files (x86)\\Intel\\iCLS Client\\;C:\\Program Files\\Intel\\iCLS Client\\;C:\\Program Files (x86)\\NVIDIA Corporation\\PhysX\\Common;C:\\windows\\system32;C:\\windows;C:\\windows\\System32\\Wbem;C:\\windows\\System32\\WindowsPowerShell\\v1.0\\;C:\\Program Files\\Intel\\Intel(R) Management Engine Components\\DAL;C:\\Program Files (x86)\\Intel\\Intel(R) Management Engine Components\\DAL;C:\\Program Files\\Intel\\Intel(R) Management Engine Components\\IPT;C:\\Program Files (x86)\\Intel\\Intel(R) Management Engine Components\\IPT;C:\\Program Files\\Intel\\WiFi\\bin\\;C:\\Program Files\\Common Files\\Intel\\WirelessCommon\\;C:\\Program Files\\TortoiseSVN\\bin;D:\\phpStudy\\php56n\\php.exe;D:\\Program Files\\TortoiseGit\\bin;D:\\nodejs\\;C:\\Users\\wbb\\AppData\\Roaming\\npm\\;D:\\nodejs\\node_modules\\.bin;D:\\Program Files (x86)\\Subversion\\bin;E:\\maven\\apache-maven\\bin;E:\\jdk_1.7\\bin;E:\\jdk_1.7\\jre\\bin;C:\\Program Files\\Git\\bin;C:\\Program Files\\Git\\mingw64\\libexec\\git-core;C:\\Program Files (x86)\\Intel\\iCLS Client\\;C:\\Program Files\\Intel\\iCLS Client\\;C:\\Program Files (x86)\\NVIDIA Corporation\\PhysX\\Common;C:\\windows\\system32;C:\\windows;C:\\windows\\System32\\Wbem;C:\\windows\\System32\\WindowsPowerShell\\v1.0\\;C:\\Program Files\\Intel\\Intel(R) Management Engine Components\\DAL;C:\\Program Files (x86)\\Intel\\Intel(R) Management Engine Components\\DAL;C:\\Program Files\\Intel\\Intel(R) Management Engine Components\\IPT;C:\\Program Files (x86)\\Intel\\Intel(R) Management Engine Components\\IPT;C:\\Program Files\\Intel\\WiFi\\bin\\;C:\\Program Files\\Common Files\\Intel\\WirelessCommon\\;C:\\Program Files\\TortoiseSVN\\bin;D:\\phpStudy\\php56n\\php.exe;D:\\Program Files\\TortoiseGit\\bin;D:\\nodejs\\;C:\\Users\\wbb\\AppData\\Roaming\\npm\\;D:\\nodejs\\node_modules\\.bin;D:\\Program Files (x86)\\Subversion\\bin;E:\\maven\\apache-maven\\bin;D:\\phpStudy\\php56n;D:\\phpStudy\\php56n\\ext;C:\\Program Files\\OpenVPN\\bin;C:\\ProgramData\\ComposerSetup\\bin;D:\\WWW\\lumen\\vendor\\bin;C:\\Program Files\\Git\\bin;C:\\Program Files\\Git\\mingw64\\libexec\\git-core;C:\\Users\\wbb\\AppData\\Roaming\\npm;D:\\nodejs\\node_modules\\.bin;C:\\Users\\wbb\\AppData\\Roaming\\Composer\\vendor\\bin'
    'SYSTEMROOT' => 'C:\\windows'
    'COMSPEC' => 'C:\\windows\\system32\\cmd.exe'
    'PATHEXT' => '.COM;.EXE;.BAT;.CMD;.VBS;.VBE;.JS;.JSE;.WSF;.WSH;.MSC'
    'WINDIR' => 'C:\\windows'
    'PHP_FCGI_MAX_REQUESTS' => '1000'
    'PHPRC' => 'D:/phpStudy/php54n'
    '_FCGI_SHUTDOWN_EVENT_' => '2136'
    'SCRIPT_NAME' => '/index.php'
    'REQUEST_URI' => '/img/logo.png'
    'QUERY_STRING' => ''
    'REQUEST_METHOD' => 'GET'
    'SERVER_PROTOCOL' => 'HTTP/1.1'
    'GATEWAY_INTERFACE' => 'CGI/1.1'
    'REDIRECT_URL' => '/img/logo.png'
    'REMOTE_PORT' => '53772'
    'SCRIPT_FILENAME' => 'D:/WWW/school/index.php'
    'SERVER_ADMIN' => 'admin@phpStudy.net'
    'CONTEXT_DOCUMENT_ROOT' => 'D:/WWW/school'
    'CONTEXT_PREFIX' => ''
    'REQUEST_SCHEME' => 'http'
    'DOCUMENT_ROOT' => 'D:/WWW/school'
    'REMOTE_ADDR' => '127.0.0.1'
    'SERVER_PORT' => '80'
    'SERVER_ADDR' => '127.0.0.1'
    'SERVER_NAME' => 'school.com.cn'
    'SERVER_SOFTWARE' => 'Apache/2.4.10 (Win32) OpenSSL/0.9.8zb mod_fcgid/2.3.9'
    'SERVER_SIGNATURE' => ''
    'SystemRoot' => 'C:\\windows'
    'HTTP_COOKIE' => '_csrf=4bb2fb4dee1c974080a0b32e542e26ef80d253128b1313b8cae72fef22baf46ca%3A2%3A%7Bi%3A0%3Bs%3A5%3A%22_csrf%22%3Bi%3A1%3Bs%3A32%3A%22yE5SHzvo7En2dLxiPY5B1Xqwt3jc_FUA%22%3B%7D; looyu_id=81bfb02eae0bbce9b5be1b289a69d8e29e_20000714%3A13; Hm_lvt_4449a883d67a851a47b40dd00c604602=1489581253,1489627812,1490085990,1490105158; Hm_lpvt_4449a883d67a851a47b40dd00c604602=1490105696; looyu_20000714=v%3Abde081c5167cb526faaaf7781311b583ae%2Cref%3A%2Cr%3A%2Cmon%3Ahttp%3A//m8103.looyu.com/monitor%2Cp0%3Ahttp%253A//school.com.cn/indexschool.php; PHPSESSID=jpdvbd5vj30mdggpensh6ijm52'
    'HTTP_ACCEPT_LANGUAGE' => 'zh-CN,zh;q=0.8'
    'HTTP_ACCEPT_ENCODING' => 'gzip, deflate, sdch'
    'HTTP_REFERER' => 'http://school.com.cn/admin.php?m=mgr/setting.editIndex'
    'HTTP_USER_AGENT' => 'Mozilla/5.0 (Windows NT 6.3; WOW64) AppleWebKit/537.36 (KHTML, like Gecko) Chrome/46.0.2490.86 Safari/537.36'
    'HTTP_ACCEPT' => 'image/webp,image/*,*/*;q=0.8'
    'HTTP_CONNECTION' => 'close'
    'HTTP_HOST' => 'school.com.cn'
    'REDIRECT_STATUS' => '200'
    'FCGI_ROLE' => 'RESPONDER'
    'PHP_SELF' => '/index.php'
    'REQUEST_TIME_FLOAT' => 1490105760.4649
    'REQUEST_TIME' => 1490105760
]
2017-03-21 22:16:01 [127.0.0.1][-][jpdvbd5vj30mdggpensh6ijm52][warning][yii\log\Dispatcher::dispatch] Unable to send log via yii\log\DbTarget: Exception (Database Exception) 'yii\db\Exception' with message 'SQLSTATE[42S02]: Base table or view not found: 1146 Table 'esaycms.log' doesn't exist
The SQL being executed was: INSERT INTO `log` (`level`, `category`, `log_time`, `prefix`, `message`)
                VALUES (1, 'yii\\i18n\\PhpMessageSource::loadMessages', 1490105760.5671, '[127.0.0.1][-][-]', 'The message file for category \'yii\' does not exist: D:\\WWW\\school\\vendor\\yiisoft\\yii2/messages/zh_CN/yii.php Fallback file does not exist as well: D:\\WWW\\school\\vendor\\yiisoft\\yii2/messages/zh/yii.php')' 

in D:\WWW\school\vendor\yiisoft\yii2\db\Schema.php:613

Stack trace:
#0 D:\WWW\school\vendor\yiisoft\yii2\db\Command.php(789): yii\db\Schema->convertException(Object(PDOException), 'INSERT INTO `lo...')
#1 D:\WWW\school\vendor\yiisoft\yii2\log\DbTarget.php(78): yii\db\Command->execute()
#2 D:\WWW\school\vendor\yiisoft\yii2\log\Target.php(112): yii\log\DbTarget->export()
#3 D:\WWW\school\vendor\yiisoft\yii2\log\Dispatcher.php(183): yii\log\Target->collect(Array, true)
#4 D:\WWW\school\vendor\yiisoft\yii2\log\Logger.php(173): yii\log\Dispatcher->dispatch(Array, true)
#5 [internal function]: yii\log\Logger->flush(true)
#6 {main}
2017-03-21 22:16:00 [127.0.0.1][-][jpdvbd5vj30mdggpensh6ijm52][info][application] $_COOKIE = [
    '_csrf' => '4bb2fb4dee1c974080a0b32e542e26ef80d253128b1313b8cae72fef22baf46ca:2:{i:0;s:5:\"_csrf\";i:1;s:32:\"yE5SHzvo7En2dLxiPY5B1Xqwt3jc_FUA\";}'
    'looyu_id' => '81bfb02eae0bbce9b5be1b289a69d8e29e_20000714:13'
    'Hm_lvt_4449a883d67a851a47b40dd00c604602' => '1489581253,1489627812,1490085990,1490105158'
    'Hm_lpvt_4449a883d67a851a47b40dd00c604602' => '1490105696'
    'looyu_20000714' => 'v:bde081c5167cb526faaaf7781311b583ae,ref:,r:,mon:http://m8103.looyu.com/monitor,p0:http%3A//school.com.cn/indexschool.php'
    'PHPSESSID' => 'jpdvbd5vj30mdggpensh6ijm52'
]

$_SESSION = [
    'XSM_CLIENT_SESSION' => [
        'is_root' => '1'
        '__CLIENT_ADMIN_ROOT' => '1'
        'screen_name' => 'admin'
        '__CLIENT_USER_ID' => '1'
        'gid' => '1'
        '__CLIENT_ADMIN_ID' => '1'
    ]
    'verify_code' => 'cuhc'
    '__flash' => []
]

$_SERVER = [
    'PATH' => 'E:\\jdk_1.7\\bin;E:\\jdk_1.7\\jre\\bin;C:\\Program Files\\Git\\bin;C:\\Program Files\\Git\\mingw64\\libexec\\git-core;C:\\Program Files (x86)\\Intel\\iCLS Client\\;C:\\Program Files\\Intel\\iCLS Client\\;C:\\Program Files (x86)\\NVIDIA Corporation\\PhysX\\Common;C:\\windows\\system32;C:\\windows;C:\\windows\\System32\\Wbem;C:\\windows\\System32\\WindowsPowerShell\\v1.0\\;C:\\Program Files\\Intel\\Intel(R) Management Engine Components\\DAL;C:\\Program Files (x86)\\Intel\\Intel(R) Management Engine Components\\DAL;C:\\Program Files\\Intel\\Intel(R) Management Engine Components\\IPT;C:\\Program Files (x86)\\Intel\\Intel(R) Management Engine Components\\IPT;C:\\Program Files\\Intel\\WiFi\\bin\\;C:\\Program Files\\Common Files\\Intel\\WirelessCommon\\;C:\\Program Files\\TortoiseSVN\\bin;D:\\phpStudy\\php56n\\php.exe;D:\\Program Files\\TortoiseGit\\bin;D:\\nodejs\\;C:\\Users\\wbb\\AppData\\Roaming\\npm\\;D:\\nodejs\\node_modules\\.bin;D:\\Program Files (x86)\\Subversion\\bin;E:\\maven\\apache-maven\\bin;E:\\jdk_1.7\\bin;E:\\jdk_1.7\\jre\\bin;C:\\Program Files\\Git\\bin;C:\\Program Files\\Git\\mingw64\\libexec\\git-core;C:\\Program Files (x86)\\Intel\\iCLS Client\\;C:\\Program Files\\Intel\\iCLS Client\\;C:\\Program Files (x86)\\NVIDIA Corporation\\PhysX\\Common;C:\\windows\\system32;C:\\windows;C:\\windows\\System32\\Wbem;C:\\windows\\System32\\WindowsPowerShell\\v1.0\\;C:\\Program Files\\Intel\\Intel(R) Management Engine Components\\DAL;C:\\Program Files (x86)\\Intel\\Intel(R) Management Engine Components\\DAL;C:\\Program Files\\Intel\\Intel(R) Management Engine Components\\IPT;C:\\Program Files (x86)\\Intel\\Intel(R) Management Engine Components\\IPT;C:\\Program Files\\Intel\\WiFi\\bin\\;C:\\Program Files\\Common Files\\Intel\\WirelessCommon\\;C:\\Program Files\\TortoiseSVN\\bin;D:\\phpStudy\\php56n\\php.exe;D:\\Program Files\\TortoiseGit\\bin;D:\\nodejs\\;C:\\Users\\wbb\\AppData\\Roaming\\npm\\;D:\\nodejs\\node_modules\\.bin;D:\\Program Files (x86)\\Subversion\\bin;E:\\maven\\apache-maven\\bin;D:\\phpStudy\\php56n;D:\\phpStudy\\php56n\\ext;C:\\Program Files\\OpenVPN\\bin;C:\\ProgramData\\ComposerSetup\\bin;D:\\WWW\\lumen\\vendor\\bin;C:\\Program Files\\Git\\bin;C:\\Program Files\\Git\\mingw64\\libexec\\git-core;C:\\Users\\wbb\\AppData\\Roaming\\npm;D:\\nodejs\\node_modules\\.bin;C:\\Users\\wbb\\AppData\\Roaming\\Composer\\vendor\\bin'
    'SYSTEMROOT' => 'C:\\windows'
    'COMSPEC' => 'C:\\windows\\system32\\cmd.exe'
    'PATHEXT' => '.COM;.EXE;.BAT;.CMD;.VBS;.VBE;.JS;.JSE;.WSF;.WSH;.MSC'
    'WINDIR' => 'C:\\windows'
    'PHP_FCGI_MAX_REQUESTS' => '1000'
    'PHPRC' => 'D:/phpStudy/php54n'
    '_FCGI_SHUTDOWN_EVENT_' => '2136'
    'SCRIPT_NAME' => '/index.php'
    'REQUEST_URI' => '/img/logo.png'
    'QUERY_STRING' => ''
    'REQUEST_METHOD' => 'GET'
    'SERVER_PROTOCOL' => 'HTTP/1.1'
    'GATEWAY_INTERFACE' => 'CGI/1.1'
    'REDIRECT_URL' => '/img/logo.png'
    'REMOTE_PORT' => '53772'
    'SCRIPT_FILENAME' => 'D:/WWW/school/index.php'
    'SERVER_ADMIN' => 'admin@phpStudy.net'
    'CONTEXT_DOCUMENT_ROOT' => 'D:/WWW/school'
    'CONTEXT_PREFIX' => ''
    'REQUEST_SCHEME' => 'http'
    'DOCUMENT_ROOT' => 'D:/WWW/school'
    'REMOTE_ADDR' => '127.0.0.1'
    'SERVER_PORT' => '80'
    'SERVER_ADDR' => '127.0.0.1'
    'SERVER_NAME' => 'school.com.cn'
    'SERVER_SOFTWARE' => 'Apache/2.4.10 (Win32) OpenSSL/0.9.8zb mod_fcgid/2.3.9'
    'SERVER_SIGNATURE' => ''
    'SystemRoot' => 'C:\\windows'
    'HTTP_COOKIE' => '_csrf=4bb2fb4dee1c974080a0b32e542e26ef80d253128b1313b8cae72fef22baf46ca%3A2%3A%7Bi%3A0%3Bs%3A5%3A%22_csrf%22%3Bi%3A1%3Bs%3A32%3A%22yE5SHzvo7En2dLxiPY5B1Xqwt3jc_FUA%22%3B%7D; looyu_id=81bfb02eae0bbce9b5be1b289a69d8e29e_20000714%3A13; Hm_lvt_4449a883d67a851a47b40dd00c604602=1489581253,1489627812,1490085990,1490105158; Hm_lpvt_4449a883d67a851a47b40dd00c604602=1490105696; looyu_20000714=v%3Abde081c5167cb526faaaf7781311b583ae%2Cref%3A%2Cr%3A%2Cmon%3Ahttp%3A//m8103.looyu.com/monitor%2Cp0%3Ahttp%253A//school.com.cn/indexschool.php; PHPSESSID=jpdvbd5vj30mdggpensh6ijm52'
    'HTTP_ACCEPT_LANGUAGE' => 'zh-CN,zh;q=0.8'
    'HTTP_ACCEPT_ENCODING' => 'gzip, deflate, sdch'
    'HTTP_REFERER' => 'http://school.com.cn/admin.php?m=mgr/setting.editIndex'
    'HTTP_USER_AGENT' => 'Mozilla/5.0 (Windows NT 6.3; WOW64) AppleWebKit/537.36 (KHTML, like Gecko) Chrome/46.0.2490.86 Safari/537.36'
    'HTTP_ACCEPT' => 'image/webp,image/*,*/*;q=0.8'
    'HTTP_CONNECTION' => 'close'
    'HTTP_HOST' => 'school.com.cn'
    'REDIRECT_STATUS' => '200'
    'FCGI_ROLE' => 'RESPONDER'
    'PHP_SELF' => '/index.php'
    'REQUEST_TIME_FLOAT' => 1490105760.4649
    'REQUEST_TIME' => 1490105760
]
2017-03-21 22:16:34 [127.0.0.1][-][-][error][yii\i18n\PhpMessageSource::loadMessages] The message file for category 'yii' does not exist: D:\WWW\school\vendor\yiisoft\yii2/messages/zh_CN/yii.php Fallback file does not exist as well: D:\WWW\school\vendor\yiisoft\yii2/messages/zh/yii.php
    in D:\WWW\school\vendor\noumo\easyii\modules\subscribe\api\Subscribe.php:42
    in D:\WWW\school\vendor\noumo\easyii\components\API.php:31
    in D:\WWW\school\app\views\layouts\main.php:73
2017-03-21 22:16:34 [127.0.0.1][-][-][error][yii\i18n\PhpMessageSource::loadMessages] The message file for category 'easyii/subscribe/api' does not exist: D:\WWW\school\vendor\noumo\easyii\modules\subscribe\messages/zh_CN/api.php Fallback file does not exist as well: D:\WWW\school\vendor\noumo\easyii\modules\subscribe\messages/zh/api.php
    in D:\WWW\school\vendor\noumo\easyii\modules\subscribe\api\Subscribe.php:43
    in D:\WWW\school\vendor\noumo\easyii\components\API.php:31
    in D:\WWW\school\app\views\layouts\main.php:73
2017-03-21 22:16:33 [127.0.0.1][-][-][info][application] $_COOKIE = [
    '_csrf' => '4bb2fb4dee1c974080a0b32e542e26ef80d253128b1313b8cae72fef22baf46ca:2:{i:0;s:5:\"_csrf\";i:1;s:32:\"yE5SHzvo7En2dLxiPY5B1Xqwt3jc_FUA\";}'
    'looyu_id' => '81bfb02eae0bbce9b5be1b289a69d8e29e_20000714:13'
    'Hm_lvt_4449a883d67a851a47b40dd00c604602' => '1489581253,1489627812,1490085990,1490105158'
    'Hm_lpvt_4449a883d67a851a47b40dd00c604602' => '1490105696'
    'looyu_20000714' => 'v:bde081c5167cb526faaaf7781311b583ae,ref:,r:,mon:http://m8103.looyu.com/monitor,p0:http%3A//school.com.cn/indexschool.php'
    'PHPSESSID' => 'jpdvbd5vj30mdggpensh6ijm52'
]

$_SESSION = [
    'XSM_CLIENT_SESSION' => [
        'is_root' => '1'
        '__CLIENT_ADMIN_ROOT' => '1'
        'screen_name' => 'admin'
        '__CLIENT_USER_ID' => '1'
        'gid' => '1'
        '__CLIENT_ADMIN_ID' => '1'
    ]
    'verify_code' => 'cuhc'
    '__flash' => []
]

$_SERVER = [
    'PATH' => 'E:\\jdk_1.7\\bin;E:\\jdk_1.7\\jre\\bin;C:\\Program Files\\Git\\bin;C:\\Program Files\\Git\\mingw64\\libexec\\git-core;C:\\Program Files (x86)\\Intel\\iCLS Client\\;C:\\Program Files\\Intel\\iCLS Client\\;C:\\Program Files (x86)\\NVIDIA Corporation\\PhysX\\Common;C:\\windows\\system32;C:\\windows;C:\\windows\\System32\\Wbem;C:\\windows\\System32\\WindowsPowerShell\\v1.0\\;C:\\Program Files\\Intel\\Intel(R) Management Engine Components\\DAL;C:\\Program Files (x86)\\Intel\\Intel(R) Management Engine Components\\DAL;C:\\Program Files\\Intel\\Intel(R) Management Engine Components\\IPT;C:\\Program Files (x86)\\Intel\\Intel(R) Management Engine Components\\IPT;C:\\Program Files\\Intel\\WiFi\\bin\\;C:\\Program Files\\Common Files\\Intel\\WirelessCommon\\;C:\\Program Files\\TortoiseSVN\\bin;D:\\phpStudy\\php56n\\php.exe;D:\\Program Files\\TortoiseGit\\bin;D:\\nodejs\\;C:\\Users\\wbb\\AppData\\Roaming\\npm\\;D:\\nodejs\\node_modules\\.bin;D:\\Program Files (x86)\\Subversion\\bin;E:\\maven\\apache-maven\\bin;E:\\jdk_1.7\\bin;E:\\jdk_1.7\\jre\\bin;C:\\Program Files\\Git\\bin;C:\\Program Files\\Git\\mingw64\\libexec\\git-core;C:\\Program Files (x86)\\Intel\\iCLS Client\\;C:\\Program Files\\Intel\\iCLS Client\\;C:\\Program Files (x86)\\NVIDIA Corporation\\PhysX\\Common;C:\\windows\\system32;C:\\windows;C:\\windows\\System32\\Wbem;C:\\windows\\System32\\WindowsPowerShell\\v1.0\\;C:\\Program Files\\Intel\\Intel(R) Management Engine Components\\DAL;C:\\Program Files (x86)\\Intel\\Intel(R) Management Engine Components\\DAL;C:\\Program Files\\Intel\\Intel(R) Management Engine Components\\IPT;C:\\Program Files (x86)\\Intel\\Intel(R) Management Engine Components\\IPT;C:\\Program Files\\Intel\\WiFi\\bin\\;C:\\Program Files\\Common Files\\Intel\\WirelessCommon\\;C:\\Program Files\\TortoiseSVN\\bin;D:\\phpStudy\\php56n\\php.exe;D:\\Program Files\\TortoiseGit\\bin;D:\\nodejs\\;C:\\Users\\wbb\\AppData\\Roaming\\npm\\;D:\\nodejs\\node_modules\\.bin;D:\\Program Files (x86)\\Subversion\\bin;E:\\maven\\apache-maven\\bin;D:\\phpStudy\\php56n;D:\\phpStudy\\php56n\\ext;C:\\Program Files\\OpenVPN\\bin;C:\\ProgramData\\ComposerSetup\\bin;D:\\WWW\\lumen\\vendor\\bin;C:\\Program Files\\Git\\bin;C:\\Program Files\\Git\\mingw64\\libexec\\git-core;C:\\Users\\wbb\\AppData\\Roaming\\npm;D:\\nodejs\\node_modules\\.bin;C:\\Users\\wbb\\AppData\\Roaming\\Composer\\vendor\\bin'
    'SYSTEMROOT' => 'C:\\windows'
    'COMSPEC' => 'C:\\windows\\system32\\cmd.exe'
    'PATHEXT' => '.COM;.EXE;.BAT;.CMD;.VBS;.VBE;.JS;.JSE;.WSF;.WSH;.MSC'
    'WINDIR' => 'C:\\windows'
    'PHP_FCGI_MAX_REQUESTS' => '1000'
    'PHPRC' => 'D:/phpStudy/php54n'
    '_FCGI_SHUTDOWN_EVENT_' => '2136'
    'SCRIPT_NAME' => '/index.php'
    'REQUEST_URI' => '/'
    'QUERY_STRING' => ''
    'REQUEST_METHOD' => 'GET'
    'SERVER_PROTOCOL' => 'HTTP/1.1'
    'GATEWAY_INTERFACE' => 'CGI/1.1'
    'REMOTE_PORT' => '53818'
    'SCRIPT_FILENAME' => 'D:/WWW/school/index.php'
    'SERVER_ADMIN' => 'admin@phpStudy.net'
    'CONTEXT_DOCUMENT_ROOT' => 'D:/WWW/school'
    'CONTEXT_PREFIX' => ''
    'REQUEST_SCHEME' => 'http'
    'DOCUMENT_ROOT' => 'D:/WWW/school'
    'REMOTE_ADDR' => '127.0.0.1'
    'SERVER_PORT' => '80'
    'SERVER_ADDR' => '127.0.0.1'
    'SERVER_NAME' => 'school.com.cn'
    'SERVER_SOFTWARE' => 'Apache/2.4.10 (Win32) OpenSSL/0.9.8zb mod_fcgid/2.3.9'
    'SERVER_SIGNATURE' => ''
    'SystemRoot' => 'C:\\windows'
    'HTTP_COOKIE' => '_csrf=4bb2fb4dee1c974080a0b32e542e26ef80d253128b1313b8cae72fef22baf46ca%3A2%3A%7Bi%3A0%3Bs%3A5%3A%22_csrf%22%3Bi%3A1%3Bs%3A32%3A%22yE5SHzvo7En2dLxiPY5B1Xqwt3jc_FUA%22%3B%7D; looyu_id=81bfb02eae0bbce9b5be1b289a69d8e29e_20000714%3A13; Hm_lvt_4449a883d67a851a47b40dd00c604602=1489581253,1489627812,1490085990,1490105158; Hm_lpvt_4449a883d67a851a47b40dd00c604602=1490105696; looyu_20000714=v%3Abde081c5167cb526faaaf7781311b583ae%2Cref%3A%2Cr%3A%2Cmon%3Ahttp%3A//m8103.looyu.com/monitor%2Cp0%3Ahttp%253A//school.com.cn/indexschool.php; PHPSESSID=jpdvbd5vj30mdggpensh6ijm52'
    'HTTP_ACCEPT_LANGUAGE' => 'zh-CN,zh;q=0.8'
    'HTTP_ACCEPT_ENCODING' => 'gzip, deflate, sdch'
    'HTTP_USER_AGENT' => 'Mozilla/5.0 (Windows NT 6.3; WOW64) AppleWebKit/537.36 (KHTML, like Gecko) Chrome/46.0.2490.86 Safari/537.36'
    'HTTP_UPGRADE_INSECURE_REQUESTS' => '1'
    'HTTP_ACCEPT' => 'text/html,application/xhtml+xml,application/xml;q=0.9,image/webp,*/*;q=0.8'
    'HTTP_CONNECTION' => 'close'
    'HTTP_HOST' => 'school.com.cn'
    'FCGI_ROLE' => 'RESPONDER'
    'PHP_SELF' => '/index.php'
    'REQUEST_TIME_FLOAT' => 1490105793.2022
    'REQUEST_TIME' => 1490105793
]
2017-03-21 22:16:34 [127.0.0.1][-][jpdvbd5vj30mdggpensh6ijm52][warning][yii\log\Dispatcher::dispatch] Unable to send log via yii\log\DbTarget: Exception (Database Exception) 'yii\db\Exception' with message 'SQLSTATE[42S02]: Base table or view not found: 1146 Table 'esaycms.log' doesn't exist
The SQL being executed was: INSERT INTO `log` (`level`, `category`, `log_time`, `prefix`, `message`)
                VALUES (1, 'yii\\i18n\\PhpMessageSource::loadMessages', 1490105794.6618, '[127.0.0.1][-][-]', 'The message file for category \'yii\' does not exist: D:\\WWW\\school\\vendor\\yiisoft\\yii2/messages/zh_CN/yii.php Fallback file does not exist as well: D:\\WWW\\school\\vendor\\yiisoft\\yii2/messages/zh/yii.php')' 

in D:\WWW\school\vendor\yiisoft\yii2\db\Schema.php:613

Stack trace:
#0 D:\WWW\school\vendor\yiisoft\yii2\db\Command.php(789): yii\db\Schema->convertException(Object(PDOException), 'INSERT INTO `lo...')
#1 D:\WWW\school\vendor\yiisoft\yii2\log\DbTarget.php(78): yii\db\Command->execute()
#2 D:\WWW\school\vendor\yiisoft\yii2\log\Target.php(112): yii\log\DbTarget->export()
#3 D:\WWW\school\vendor\yiisoft\yii2\log\Dispatcher.php(183): yii\log\Target->collect(Array, true)
#4 D:\WWW\school\vendor\yiisoft\yii2\log\Logger.php(173): yii\log\Dispatcher->dispatch(Array, true)
#5 [internal function]: yii\log\Logger->flush(true)
#6 {main}
2017-03-21 22:16:33 [127.0.0.1][-][jpdvbd5vj30mdggpensh6ijm52][info][application] $_COOKIE = [
    '_csrf' => '4bb2fb4dee1c974080a0b32e542e26ef80d253128b1313b8cae72fef22baf46ca:2:{i:0;s:5:\"_csrf\";i:1;s:32:\"yE5SHzvo7En2dLxiPY5B1Xqwt3jc_FUA\";}'
    'looyu_id' => '81bfb02eae0bbce9b5be1b289a69d8e29e_20000714:13'
    'Hm_lvt_4449a883d67a851a47b40dd00c604602' => '1489581253,1489627812,1490085990,1490105158'
    'Hm_lpvt_4449a883d67a851a47b40dd00c604602' => '1490105696'
    'looyu_20000714' => 'v:bde081c5167cb526faaaf7781311b583ae,ref:,r:,mon:http://m8103.looyu.com/monitor,p0:http%3A//school.com.cn/indexschool.php'
    'PHPSESSID' => 'jpdvbd5vj30mdggpensh6ijm52'
]

$_SESSION = [
    'XSM_CLIENT_SESSION' => [
        'is_root' => '1'
        '__CLIENT_ADMIN_ROOT' => '1'
        'screen_name' => 'admin'
        '__CLIENT_USER_ID' => '1'
        'gid' => '1'
        '__CLIENT_ADMIN_ID' => '1'
    ]
    'verify_code' => 'cuhc'
    '__flash' => []
]

$_SERVER = [
    'PATH' => 'E:\\jdk_1.7\\bin;E:\\jdk_1.7\\jre\\bin;C:\\Program Files\\Git\\bin;C:\\Program Files\\Git\\mingw64\\libexec\\git-core;C:\\Program Files (x86)\\Intel\\iCLS Client\\;C:\\Program Files\\Intel\\iCLS Client\\;C:\\Program Files (x86)\\NVIDIA Corporation\\PhysX\\Common;C:\\windows\\system32;C:\\windows;C:\\windows\\System32\\Wbem;C:\\windows\\System32\\WindowsPowerShell\\v1.0\\;C:\\Program Files\\Intel\\Intel(R) Management Engine Components\\DAL;C:\\Program Files (x86)\\Intel\\Intel(R) Management Engine Components\\DAL;C:\\Program Files\\Intel\\Intel(R) Management Engine Components\\IPT;C:\\Program Files (x86)\\Intel\\Intel(R) Management Engine Components\\IPT;C:\\Program Files\\Intel\\WiFi\\bin\\;C:\\Program Files\\Common Files\\Intel\\WirelessCommon\\;C:\\Program Files\\TortoiseSVN\\bin;D:\\phpStudy\\php56n\\php.exe;D:\\Program Files\\TortoiseGit\\bin;D:\\nodejs\\;C:\\Users\\wbb\\AppData\\Roaming\\npm\\;D:\\nodejs\\node_modules\\.bin;D:\\Program Files (x86)\\Subversion\\bin;E:\\maven\\apache-maven\\bin;E:\\jdk_1.7\\bin;E:\\jdk_1.7\\jre\\bin;C:\\Program Files\\Git\\bin;C:\\Program Files\\Git\\mingw64\\libexec\\git-core;C:\\Program Files (x86)\\Intel\\iCLS Client\\;C:\\Program Files\\Intel\\iCLS Client\\;C:\\Program Files (x86)\\NVIDIA Corporation\\PhysX\\Common;C:\\windows\\system32;C:\\windows;C:\\windows\\System32\\Wbem;C:\\windows\\System32\\WindowsPowerShell\\v1.0\\;C:\\Program Files\\Intel\\Intel(R) Management Engine Components\\DAL;C:\\Program Files (x86)\\Intel\\Intel(R) Management Engine Components\\DAL;C:\\Program Files\\Intel\\Intel(R) Management Engine Components\\IPT;C:\\Program Files (x86)\\Intel\\Intel(R) Management Engine Components\\IPT;C:\\Program Files\\Intel\\WiFi\\bin\\;C:\\Program Files\\Common Files\\Intel\\WirelessCommon\\;C:\\Program Files\\TortoiseSVN\\bin;D:\\phpStudy\\php56n\\php.exe;D:\\Program Files\\TortoiseGit\\bin;D:\\nodejs\\;C:\\Users\\wbb\\AppData\\Roaming\\npm\\;D:\\nodejs\\node_modules\\.bin;D:\\Program Files (x86)\\Subversion\\bin;E:\\maven\\apache-maven\\bin;D:\\phpStudy\\php56n;D:\\phpStudy\\php56n\\ext;C:\\Program Files\\OpenVPN\\bin;C:\\ProgramData\\ComposerSetup\\bin;D:\\WWW\\lumen\\vendor\\bin;C:\\Program Files\\Git\\bin;C:\\Program Files\\Git\\mingw64\\libexec\\git-core;C:\\Users\\wbb\\AppData\\Roaming\\npm;D:\\nodejs\\node_modules\\.bin;C:\\Users\\wbb\\AppData\\Roaming\\Composer\\vendor\\bin'
    'SYSTEMROOT' => 'C:\\windows'
    'COMSPEC' => 'C:\\windows\\system32\\cmd.exe'
    'PATHEXT' => '.COM;.EXE;.BAT;.CMD;.VBS;.VBE;.JS;.JSE;.WSF;.WSH;.MSC'
    'WINDIR' => 'C:\\windows'
    'PHP_FCGI_MAX_REQUESTS' => '1000'
    'PHPRC' => 'D:/phpStudy/php54n'
    '_FCGI_SHUTDOWN_EVENT_' => '2136'
    'SCRIPT_NAME' => '/index.php'
    'REQUEST_URI' => '/'
    'QUERY_STRING' => ''
    'REQUEST_METHOD' => 'GET'
    'SERVER_PROTOCOL' => 'HTTP/1.1'
    'GATEWAY_INTERFACE' => 'CGI/1.1'
    'REMOTE_PORT' => '53818'
    'SCRIPT_FILENAME' => 'D:/WWW/school/index.php'
    'SERVER_ADMIN' => 'admin@phpStudy.net'
    'CONTEXT_DOCUMENT_ROOT' => 'D:/WWW/school'
    'CONTEXT_PREFIX' => ''
    'REQUEST_SCHEME' => 'http'
    'DOCUMENT_ROOT' => 'D:/WWW/school'
    'REMOTE_ADDR' => '127.0.0.1'
    'SERVER_PORT' => '80'
    'SERVER_ADDR' => '127.0.0.1'
    'SERVER_NAME' => 'school.com.cn'
    'SERVER_SOFTWARE' => 'Apache/2.4.10 (Win32) OpenSSL/0.9.8zb mod_fcgid/2.3.9'
    'SERVER_SIGNATURE' => ''
    'SystemRoot' => 'C:\\windows'
    'HTTP_COOKIE' => '_csrf=4bb2fb4dee1c974080a0b32e542e26ef80d253128b1313b8cae72fef22baf46ca%3A2%3A%7Bi%3A0%3Bs%3A5%3A%22_csrf%22%3Bi%3A1%3Bs%3A32%3A%22yE5SHzvo7En2dLxiPY5B1Xqwt3jc_FUA%22%3B%7D; looyu_id=81bfb02eae0bbce9b5be1b289a69d8e29e_20000714%3A13; Hm_lvt_4449a883d67a851a47b40dd00c604602=1489581253,1489627812,1490085990,1490105158; Hm_lpvt_4449a883d67a851a47b40dd00c604602=1490105696; looyu_20000714=v%3Abde081c5167cb526faaaf7781311b583ae%2Cref%3A%2Cr%3A%2Cmon%3Ahttp%3A//m8103.looyu.com/monitor%2Cp0%3Ahttp%253A//school.com.cn/indexschool.php; PHPSESSID=jpdvbd5vj30mdggpensh6ijm52'
    'HTTP_ACCEPT_LANGUAGE' => 'zh-CN,zh;q=0.8'
    'HTTP_ACCEPT_ENCODING' => 'gzip, deflate, sdch'
    'HTTP_USER_AGENT' => 'Mozilla/5.0 (Windows NT 6.3; WOW64) AppleWebKit/537.36 (KHTML, like Gecko) Chrome/46.0.2490.86 Safari/537.36'
    'HTTP_UPGRADE_INSECURE_REQUESTS' => '1'
    'HTTP_ACCEPT' => 'text/html,application/xhtml+xml,application/xml;q=0.9,image/webp,*/*;q=0.8'
    'HTTP_CONNECTION' => 'close'
    'HTTP_HOST' => 'school.com.cn'
    'FCGI_ROLE' => 'RESPONDER'
    'PHP_SELF' => '/index.php'
    'REQUEST_TIME_FLOAT' => 1490105793.2022
    'REQUEST_TIME' => 1490105793
]
